#
# There is insufficient memory for the Java Runtime Environment to continue.
# Native memory allocation (mmap) failed to map 448790528 bytes for Failed to commit area from 0x0000000097300000 to 0x00000000b1f00000 of length 448790528.
# Possible reasons:
#   The system is out of physical RAM or swap space
#   The process is running with CompressedOops enabled, and the Java Heap may be blocking the growth of the native heap
# Possible solutions:
#   Reduce memory load on the system
#   Increase physical memory or swap space
#   Check if swap backing store is full
#   Decrease Java heap size (-Xmx/-Xms)
#   Decrease number of Java threads
#   Decrease Java thread stack sizes (-Xss)
#   Set larger code cache with -XX:ReservedCodeCacheSize=
#   JVM is running with Unscaled Compressed Oops mode in which the Java heap is
#     placed in the first 4GB address space. The Java Heap base address is the
#     maximum limit for the native heap growth. Please use -XX:HeapBaseMinAddress
#     to set the Java Heap base and to place the Java Heap above 4GB virtual address.
# This output file may be truncated or incomplete.
#
#  Out of Memory Error (./src/hotspot/os/windows/os_windows.cpp:3301), pid=12284, tid=10496
#
# JRE version: OpenJDK Runtime Environment (11.0.10) (build 11.0.10+0-b96-7249189)
# Java VM: OpenJDK 64-Bit Server VM (11.0.10+0-b96-7249189, mixed mode, tiered, compressed oops, g1 gc, windows-amd64)
# No core dump will be written. Minidumps are not enabled by default on client versions of Windows
#

---------------  S U M M A R Y ------------

Command Line: --add-opens=java.base/java.util=ALL-UNNAMED --add-opens=java.base/java.lang=ALL-UNNAMED --add-opens=java.base/java.lang.invoke=ALL-UNNAMED --add-opens=java.prefs/java.util.prefs=ALL-UNNAMED -Xmx2048m -Dfile.encoding=windows-1252 -Duser.country=IN -Duser.language=en -Duser.variant org.gradle.launcher.daemon.bootstrap.GradleDaemon 6.1.1

Host: Intel(R) Core(TM) i3-8130U CPU @ 2.20GHz, 4 cores, 7G,  Windows 10 , 64 bit Build 19041 (10.0.19041.1741)
Time: Tue Jul  5 23:46:38 2022 India Standard Time elapsed time: 1370.617006 seconds (0d 0h 22m 50s)

---------------  T H R E A D  ---------------

Current thread (0x0000023dfd996000):  VMThread "VM Thread" [stack: 0x000000ea4fd00000,0x000000ea4fe00000] [id=10496]

Stack: [0x000000ea4fd00000,0x000000ea4fe00000]
[error occurred during error reporting (printing stack bounds), id 0xc0000005, EXCEPTION_ACCESS_VIOLATION (0xc0000005) at pc=0x0000023de7130f2d]

Native frames: (J=compiled Java code, j=interpreted, Vv=VM code, C=native code)
V  [jvm.dll+0x5ecfaa]
V  [jvm.dll+0x722bd5]
V  [jvm.dll+0x72412d]
V  [jvm.dll+0x724745]
V  [jvm.dll+0x7246fb]
V  [jvm.dll+0x5ec348]
V  [jvm.dll+0x5ecad8]
C  [ntdll.dll+0xa209f]
C  [ntdll.dll+0x51454]
C  [ntdll.dll+0xa0bce]
C  0x0000023de7130f2d

VM_Operation (0x000000ea51efe640): G1CollectForAllocation, mode: safepoint, requested by thread 0x0000023d80f7a000


---------------  P R O C E S S  ---------------

Threads class SMR info:
_java_thread_list=0x0000023d8839de20, length=53, elements={
0x0000023de1e69000, 0x0000023dfd99b800, 0x0000023dfd99d800, 0x0000023dfd9bb800,
0x0000023dfd9bd000, 0x0000023dfd9bf800, 0x0000023dfd9cb000, 0x0000023dfd9cc800,
0x0000023dfd9ce800, 0x0000023dfe488800, 0x0000023dffe05800, 0x0000023dff73e800,
0x0000023dffc90000, 0x0000023dffe9d000, 0x0000023dffea0800, 0x0000023dffe9e000,
0x0000023d80f72000, 0x0000023d80f7b800, 0x0000023d80f7c800, 0x0000023dff9e3000,
0x0000023dff9ec800, 0x0000023dffe9e800, 0x0000023dffe9f800, 0x0000023dffea1000,
0x0000023dffea2000, 0x0000023dffe9c000, 0x0000023dffea3000, 0x0000023dff9e3800,
0x0000023dff9e1800, 0x0000023dff9e4800, 0x0000023dff9e7000, 0x0000023dff9e2000,
0x0000023dff9e5800, 0x0000023dff9e6000, 0x0000023dff9ed800, 0x0000023dff9e8800,
0x0000023dff9e8000, 0x0000023dff9eb000, 0x0000023dff9ee800, 0x0000023dff9ef000,
0x0000023dff9ec000, 0x0000023dff9e9800, 0x0000023dff9f0000, 0x0000023dff9ea000,
0x0000023d80f74800, 0x0000023d80f77000, 0x0000023d80f77800, 0x0000023d80f72800,
0x0000023d80f73800, 0x0000023d80f7f000, 0x0000023d80f7a000, 0x0000023d80f80800,
0x0000023dff1f1800
}

Java Threads: ( => current thread )
  0x0000023de1e69000 JavaThread "main" [_thread_blocked, id=2112, stack(0x000000ea4f700000,0x000000ea4f800000)]
  0x0000023dfd99b800 JavaThread "Reference Handler" daemon [_thread_blocked, id=9408, stack(0x000000ea4fe00000,0x000000ea4ff00000)]
  0x0000023dfd99d800 JavaThread "Finalizer" daemon [_thread_blocked, id=880, stack(0x000000ea4ff00000,0x000000ea50000000)]
  0x0000023dfd9bb800 JavaThread "Signal Dispatcher" daemon [_thread_blocked, id=11180, stack(0x000000ea50000000,0x000000ea50100000)]
  0x0000023dfd9bd000 JavaThread "Attach Listener" daemon [_thread_blocked, id=10152, stack(0x000000ea50100000,0x000000ea50200000)]
  0x0000023dfd9bf800 JavaThread "Service Thread" daemon [_thread_blocked, id=9252, stack(0x000000ea50200000,0x000000ea50300000)]
  0x0000023dfd9cb000 JavaThread "C2 CompilerThread0" daemon [_thread_blocked, id=10504, stack(0x000000ea50300000,0x000000ea50400000)]
  0x0000023dfd9cc800 JavaThread "C1 CompilerThread0" daemon [_thread_blocked, id=12908, stack(0x000000ea50400000,0x000000ea50500000)]
  0x0000023dfd9ce800 JavaThread "Sweeper thread" daemon [_thread_blocked, id=6264, stack(0x000000ea50500000,0x000000ea50600000)]
  0x0000023dfe488800 JavaThread "Common-Cleaner" daemon [_thread_blocked, id=11164, stack(0x000000ea50600000,0x000000ea50700000)]
  0x0000023dffe05800 JavaThread "Daemon health stats" [_thread_blocked, id=2100, stack(0x000000ea50b00000,0x000000ea50c00000)]
  0x0000023dff73e800 JavaThread "Incoming local TCP Connector on port 56708" [_thread_in_native, id=7120, stack(0x000000ea50800000,0x000000ea50900000)]
  0x0000023dffc90000 JavaThread "Daemon periodic checks" [_thread_blocked, id=12420, stack(0x000000ea50c00000,0x000000ea50d00000)]
  0x0000023dffe9d000 JavaThread "Cache worker for journal cache (C:\Users\Vishwak\.gradle\caches\journal-1)" [_thread_blocked, id=9840, stack(0x000000ea51400000,0x000000ea51500000)]
  0x0000023dffea0800 JavaThread "File lock request listener" [_thread_in_native, id=11412, stack(0x000000ea51500000,0x000000ea51600000)]
  0x0000023dffe9e000 JavaThread "Cache worker for file hash cache (C:\Users\Vishwak\.gradle\caches\6.1.1\fileHashes)" [_thread_blocked, id=1232, stack(0x000000ea51700000,0x000000ea51800000)]
  0x0000023d80f72000 JavaThread "Cache worker for execution history cache (C:\Users\Vishwak\.gradle\caches\6.1.1\executionHistory)" [_thread_blocked, id=9024, stack(0x000000ea51d00000,0x000000ea51e00000)]
  0x0000023d80f7b800 JavaThread "Memory manager" [_thread_blocked, id=5036, stack(0x000000ea52300000,0x000000ea52400000)]
  0x0000023d80f7c800 JavaThread "Cache worker for file content cache (C:\Users\Vishwak\.gradle\caches\6.1.1\fileContent)" [_thread_blocked, id=3912, stack(0x000000ea52400000,0x000000ea52500000)]
  0x0000023dff9e3000 JavaThread "Cache worker for Java compile cache (C:\Users\Vishwak\.gradle\caches\6.1.1\javaCompile)" [_thread_blocked, id=13580, stack(0x000000ea52a00000,0x000000ea52b00000)]
  0x0000023dff9ec800 JavaThread "ForkJoinPool.commonPool-worker-5" daemon [_thread_blocked, id=12724, stack(0x000000ea52900000,0x000000ea52a00000)]
  0x0000023dffe9e800 JavaThread "Daemon Thread 5" [_thread_blocked, id=14264, stack(0x000000ea4f400000,0x000000ea4f500000)]
  0x0000023dffe9f800 JavaThread "Handler for socket connection from /127.0.0.1:56708 to /127.0.0.1:56868" [_thread_in_native, id=1324, stack(0x000000ea4f500000,0x000000ea4f600000)]
  0x0000023dffea1000 JavaThread "Cancel handler" [_thread_blocked, id=6464, stack(0x000000ea4f600000,0x000000ea4f700000)]
  0x0000023dffea2000 JavaThread "Daemon worker Thread 5" [_thread_blocked, id=12772, stack(0x000000ea50d00000,0x000000ea50e00000)]
  0x0000023dffe9c000 JavaThread "Asynchronous log dispatcher for DefaultDaemonConnection: socket connection from /127.0.0.1:56708 to /127.0.0.1:56868" [_thread_blocked, id=8640, stack(0x000000ea50e00000,0x000000ea50f00000)]
  0x0000023dffea3000 JavaThread "Stdin handler" [_thread_blocked, id=8624, stack(0x000000ea50f00000,0x000000ea51000000)]
  0x0000023dff9e3800 JavaThread "Thread-118" [_thread_blocked, id=13932, stack(0x000000ea51000000,0x000000ea51100000)]
  0x0000023dff9e1800 JavaThread "Cache worker for checksums cache (F:\Users\HP\AndroidStudioProjects\InstagramClone\.gradle\checksums)" [_thread_blocked, id=12184, stack(0x000000ea51100000,0x000000ea51200000)]
  0x0000023dff9e4800 JavaThread "Cache worker for file hash cache (F:\Users\HP\AndroidStudioProjects\InstagramClone\.gradle\6.1.1\fileHashes)" [_thread_blocked, id=2760, stack(0x000000ea51200000,0x000000ea51300000)]
  0x0000023dff9e7000 JavaThread "Cache worker for cache directory md-supplier (C:\Users\Vishwak\.gradle\caches\6.1.1\md-supplier)" [_thread_blocked, id=12472, stack(0x000000ea51300000,0x000000ea51400000)]
  0x0000023dff9e2000 JavaThread "Cache worker for cache directory md-rule (C:\Users\Vishwak\.gradle\caches\6.1.1\md-rule)" [_thread_blocked, id=1492, stack(0x000000ea51800000,0x000000ea51900000)]
  0x0000023dff9e5800 JavaThread "Build operations" [_thread_blocked, id=10484, stack(0x000000ea51900000,0x000000ea51a00000)]
  0x0000023dff9e6000 JavaThread "Build operations Thread 2" [_thread_blocked, id=10020, stack(0x000000ea51a00000,0x000000ea51b00000)]
  0x0000023dff9ed800 JavaThread "Build operations Thread 3" [_thread_blocked, id=12712, stack(0x000000ea51b00000,0x000000ea51c00000)]
  0x0000023dff9e8800 JavaThread "Build operations Thread 4" [_thread_blocked, id=5008, stack(0x000000ea51c00000,0x000000ea51d00000)]
  0x0000023dff9e8000 JavaThread "Cache worker for Build Output Cleanup Cache (F:\Users\HP\AndroidStudioProjects\InstagramClone\.gradle\buildOutputCleanup)" [_thread_blocked, id=3392, stack(0x000000ea51f00000,0x000000ea52000000)]
  0x0000023dff9eb000 JavaThread "Cache worker for file content cache (F:\Users\HP\AndroidStudioProjects\InstagramClone\.gradle\6.1.1\fileContent)" [_thread_blocked, id=2724, stack(0x000000ea52000000,0x000000ea52100000)]
  0x0000023dff9ee800 JavaThread "Execution worker for ':'" [_thread_blocked, id=5516, stack(0x000000ea52100000,0x000000ea52200000)]
  0x0000023dff9ef000 JavaThread "Execution worker for ':' Thread 2" [_thread_blocked, id=8388, stack(0x000000ea52200000,0x000000ea52300000)]
  0x0000023dff9ec000 JavaThread "Execution worker for ':' Thread 3" [_thread_blocked, id=10972, stack(0x000000ea52500000,0x000000ea52600000)]
  0x0000023dff9e9800 JavaThread "Cache worker for execution history cache (F:\Users\HP\AndroidStudioProjects\InstagramClone\.gradle\6.1.1\executionHistory)" [_thread_blocked, id=10696, stack(0x000000ea52600000,0x000000ea52700000)]
  0x0000023dff9f0000 JavaThread "WorkerExecutor Queue" [_thread_blocked, id=9332, stack(0x000000ea52700000,0x000000ea52800000)]
  0x0000023dff9ea000 JavaThread "WorkerExecutor Queue Thread 2" [_thread_blocked, id=7860, stack(0x000000ea52800000,0x000000ea52900000)]
  0x0000023d80f74800 JavaThread "pool-10-thread-1" [_thread_blocked, id=3400, stack(0x000000ea52b00000,0x000000ea52c00000)]
  0x0000023d80f77000 JavaThread "stderr" [_thread_in_native, id=8612, stack(0x000000ea52c00000,0x000000ea52d00000)]
  0x0000023d80f77800 JavaThread "stdout" [_thread_in_native, id=10796, stack(0x000000ea52d00000,0x000000ea52e00000)]
  0x0000023d80f72800 JavaThread "Cache worker for Java compile cache (F:\Users\HP\AndroidStudioProjects\InstagramClone\.gradle\6.1.1\javaCompile)" [_thread_blocked, id=12672, stack(0x000000ea52e00000,0x000000ea52f00000)]
  0x0000023d80f73800 JavaThread "WorkerExecutor Queue Thread 3" [_thread_blocked, id=9700, stack(0x000000ea52f00000,0x000000ea53000000)]
  0x0000023d80f7f000 JavaThread "WorkerExecutor Queue Thread 4" [_thread_blocked, id=3252, stack(0x000000ea53000000,0x000000ea53100000)]
  0x0000023d80f7a000 JavaThread "ForkJoinPool.commonPool-worker-7" daemon [_thread_blocked, id=9572, stack(0x000000ea51e00000,0x000000ea51f00000)]
  0x0000023d80f80800 JavaThread "ForkJoinPool.commonPool-worker-1" daemon [_thread_blocked, id=12604, stack(0x000000ea53100000,0x000000ea53200000)]
  0x0000023dff1f1800 JavaThread "C2 CompilerThread1" daemon [_thread_in_native, id=1040, stack(0x000000ea53200000,0x000000ea53300000)]

Other Threads:
=>0x0000023dfd996000 VMThread "VM Thread" [stack: 0x000000ea4fd00000,0x000000ea4fe00000] [id=10496]
  0x0000023dfe496000 WatcherThread [stack: 0x000000ea50700000,0x000000ea50800000] [id=5972]
  0x0000023de1e81800 GCTaskThread "GC Thread#0" [stack: 0x000000ea4f800000,0x000000ea4f900000] [id=11324]
  0x0000023dfecbb000 GCTaskThread "GC Thread#1" [stack: 0x000000ea50900000,0x000000ea50a00000] [id=7832]
  0x0000023dfea5b800 GCTaskThread "GC Thread#2" [stack: 0x000000ea50a00000,0x000000ea50b00000] [id=7872]
  0x0000023dffe44800 GCTaskThread "GC Thread#3" [stack: 0x000000ea51600000,0x000000ea51700000] [id=11528]
  0x0000023de1eb3000 ConcurrentGCThread "G1 Main Marker" [stack: 0x000000ea4f900000,0x000000ea4fa00000] [id=5964]
  0x0000023de1eb6800 ConcurrentGCThread "G1 Conc#0" [stack: 0x000000ea4fa00000,0x000000ea4fb00000] [id=12552]
  0x0000023de1f47800 ConcurrentGCThread "G1 Refine#0" [stack: 0x000000ea4fb00000,0x000000ea4fc00000] [id=13336]
  0x0000023de1f48800 ConcurrentGCThread "G1 Young RemSet Sampling" [stack: 0x000000ea4fc00000,0x000000ea4fd00000] [id=4848]

Threads with active compile tasks:
C2 CompilerThread01370637 20974       4       com.android.tools.r8.graph.u0$d::c (801 bytes)
C2 CompilerThread11370637 20973       4       com.android.tools.r8.graph.u0$d::<init> (189 bytes)

VM state:at safepoint (normal execution)

VM Mutex/Monitor currently owned by a thread:  ([mutex/lock_event])
[0x0000023de1e64730] Threads_lock - owner thread: 0x0000023dfd996000
[0x0000023de1e662c0] Heap_lock - owner thread: 0x0000023d80f7a000

Heap address: 0x0000000080000000, size: 2048 MB, Compressed Oops mode: 32-bit
Narrow klass base: 0x0000000000000000, Narrow klass shift: 3
Compressed class space size: 1073741824 Address: 0x0000000100000000

Heap:
 garbage-first heap   total 818176K, used 242469K [0x0000000080000000, 0x0000000100000000)
  region size 1024K, 10 young (10240K), 10 survivors (10240K)
 Metaspace       used 110828K, capacity 113959K, committed 114256K, reserved 1148928K
  class space    used 13651K, capacity 14749K, committed 14848K, reserved 1048576K
Heap Regions: E=young(eden), S=young(survivor), O=old, HS=humongous(starts), HC=humongous(continues), CS=collection set, F=free, A=archive, TAMS=top-at-mark-start (previous, next)
|   0|0x0000000080000000, 0x0000000080100000, 0x0000000080100000|100%| O|  |TAMS 0x0000000080100000, 0x0000000080100000| Untracked 
|   1|0x0000000080100000, 0x0000000080200000, 0x0000000080200000|100%| O|  |TAMS 0x0000000080200000, 0x0000000080200000| Untracked 
|   2|0x0000000080200000, 0x0000000080300000, 0x0000000080300000|100%| O|  |TAMS 0x0000000080300000, 0x0000000080300000| Untracked 
|   3|0x0000000080300000, 0x0000000080400000, 0x0000000080400000|100%|HS|  |TAMS 0x0000000080400000, 0x0000000080400000| Complete 
|   4|0x0000000080400000, 0x0000000080500000, 0x0000000080500000|100%|HC|  |TAMS 0x0000000080500000, 0x0000000080500000| Complete 
|   5|0x0000000080500000, 0x0000000080600000, 0x0000000080600000|100%|HC|  |TAMS 0x0000000080600000, 0x0000000080600000| Complete 
|   6|0x0000000080600000, 0x0000000080700000, 0x0000000080700000|100%| O|  |TAMS 0x0000000080700000, 0x0000000080700000| Untracked 
|   7|0x0000000080700000, 0x0000000080800000, 0x0000000080800000|100%| O|  |TAMS 0x0000000080800000, 0x0000000080800000| Untracked 
|   8|0x0000000080800000, 0x0000000080900000, 0x0000000080900000|100%| O|  |TAMS 0x0000000080900000, 0x0000000080900000| Untracked 
|   9|0x0000000080900000, 0x0000000080a00000, 0x0000000080a00000|100%| O|  |TAMS 0x0000000080a00000, 0x0000000080a00000| Untracked 
|  10|0x0000000080a00000, 0x0000000080b00000, 0x0000000080b00000|100%| O|  |TAMS 0x0000000080b00000, 0x0000000080b00000| Untracked 
|  11|0x0000000080b00000, 0x0000000080c00000, 0x0000000080c00000|100%| O|  |TAMS 0x0000000080c00000, 0x0000000080c00000| Untracked 
|  12|0x0000000080c00000, 0x0000000080d00000, 0x0000000080d00000|100%| O|  |TAMS 0x0000000080d00000, 0x0000000080d00000| Untracked 
|  13|0x0000000080d00000, 0x0000000080e00000, 0x0000000080e00000|100%|HS|  |TAMS 0x0000000080e00000, 0x0000000080e00000| Complete 
|  14|0x0000000080e00000, 0x0000000080f00000, 0x0000000080f00000|100%|HC|  |TAMS 0x0000000080f00000, 0x0000000080f00000| Complete 
|  15|0x0000000080f00000, 0x0000000081000000, 0x0000000081000000|100%|HS|  |TAMS 0x0000000081000000, 0x0000000081000000| Complete 
|  16|0x0000000081000000, 0x0000000081100000, 0x0000000081100000|100%|HC|  |TAMS 0x0000000081100000, 0x0000000081100000| Complete 
|  17|0x0000000081100000, 0x0000000081200000, 0x0000000081200000|100%|HC|  |TAMS 0x0000000081200000, 0x0000000081200000| Complete 
|  18|0x0000000081200000, 0x0000000081300000, 0x0000000081300000|100%|HS|  |TAMS 0x0000000081300000, 0x0000000081300000| Complete 
|  19|0x0000000081300000, 0x0000000081400000, 0x0000000081400000|100%|HC|  |TAMS 0x0000000081400000, 0x0000000081400000| Complete 
|  20|0x0000000081400000, 0x0000000081500000, 0x0000000081500000|100%|HC|  |TAMS 0x0000000081500000, 0x0000000081500000| Complete 
|  21|0x0000000081500000, 0x0000000081600000, 0x0000000081600000|100%|HC|  |TAMS 0x0000000081600000, 0x0000000081600000| Complete 
|  22|0x0000000081600000, 0x0000000081700000, 0x0000000081700000|100%|HC|  |TAMS 0x0000000081700000, 0x0000000081700000| Complete 
|  23|0x0000000081700000, 0x0000000081800000, 0x0000000081800000|100%| O|  |TAMS 0x0000000081800000, 0x0000000081800000| Untracked 
|  24|0x0000000081800000, 0x0000000081900000, 0x0000000081900000|100%| O|  |TAMS 0x0000000081900000, 0x0000000081900000| Untracked 
|  25|0x0000000081900000, 0x0000000081a00000, 0x0000000081a00000|100%| O|  |TAMS 0x0000000081a00000, 0x0000000081a00000| Untracked 
|  26|0x0000000081a00000, 0x0000000081b00000, 0x0000000081b00000|100%| O|  |TAMS 0x0000000081b00000, 0x0000000081b00000| Untracked 
|  27|0x0000000081b00000, 0x0000000081c00000, 0x0000000081c00000|100%| O|  |TAMS 0x0000000081c00000, 0x0000000081c00000| Untracked 
|  28|0x0000000081c00000, 0x0000000081d00000, 0x0000000081d00000|100%| O|  |TAMS 0x0000000081d00000, 0x0000000081d00000| Untracked 
|  29|0x0000000081d00000, 0x0000000081e00000, 0x0000000081e00000|100%| O|  |TAMS 0x0000000081e00000, 0x0000000081e00000| Untracked 
|  30|0x0000000081e00000, 0x0000000081f00000, 0x0000000081f00000|100%|HS|  |TAMS 0x0000000081f00000, 0x0000000081f00000| Complete 
|  31|0x0000000081f00000, 0x0000000082000000, 0x0000000082000000|100%|HC|  |TAMS 0x0000000082000000, 0x0000000082000000| Complete 
|  32|0x0000000082000000, 0x0000000082100000, 0x0000000082100000|100%|HC|  |TAMS 0x0000000082100000, 0x0000000082100000| Complete 
|  33|0x0000000082100000, 0x0000000082200000, 0x0000000082200000|100%|HS|  |TAMS 0x0000000082200000, 0x0000000082200000| Complete 
|  34|0x0000000082200000, 0x0000000082300000, 0x0000000082300000|100%|HC|  |TAMS 0x0000000082300000, 0x0000000082300000| Complete 
|  35|0x0000000082300000, 0x0000000082400000, 0x0000000082400000|100%| O|  |TAMS 0x0000000082400000, 0x0000000082400000| Untracked 
|  36|0x0000000082400000, 0x0000000082500000, 0x0000000082500000|100%| O|  |TAMS 0x0000000082500000, 0x0000000082500000| Untracked 
|  37|0x0000000082500000, 0x0000000082600000, 0x0000000082600000|100%| O|  |TAMS 0x0000000082600000, 0x0000000082600000| Untracked 
|  38|0x0000000082600000, 0x0000000082700000, 0x0000000082700000|100%| O|  |TAMS 0x0000000082700000, 0x0000000082700000| Untracked 
|  39|0x0000000082700000, 0x0000000082800000, 0x0000000082800000|100%| O|  |TAMS 0x0000000082800000, 0x0000000082800000| Untracked 
|  40|0x0000000082800000, 0x0000000082900000, 0x0000000082900000|100%| O|  |TAMS 0x0000000082900000, 0x0000000082900000| Untracked 
|  41|0x0000000082900000, 0x0000000082a00000, 0x0000000082a00000|100%| O|  |TAMS 0x0000000082a00000, 0x0000000082a00000| Untracked 
|  42|0x0000000082a00000, 0x0000000082b00000, 0x0000000082b00000|100%| O|  |TAMS 0x0000000082b00000, 0x0000000082b00000| Untracked 
|  43|0x0000000082b00000, 0x0000000082c00000, 0x0000000082c00000|100%| O|  |TAMS 0x0000000082c00000, 0x0000000082c00000| Untracked 
|  44|0x0000000082c00000, 0x0000000082d00000, 0x0000000082d00000|100%| O|  |TAMS 0x0000000082d00000, 0x0000000082d00000| Untracked 
|  45|0x0000000082d00000, 0x0000000082e00000, 0x0000000082e00000|100%| O|  |TAMS 0x0000000082e00000, 0x0000000082e00000| Untracked 
|  46|0x0000000082e00000, 0x0000000082f00000, 0x0000000082f00000|100%| O|  |TAMS 0x0000000082f00000, 0x0000000082f00000| Untracked 
|  47|0x0000000082f00000, 0x0000000083000000, 0x0000000083000000|100%| O|  |TAMS 0x0000000083000000, 0x0000000083000000| Untracked 
|  48|0x0000000083000000, 0x0000000083100000, 0x0000000083100000|100%| O|  |TAMS 0x0000000083100000, 0x0000000083100000| Untracked 
|  49|0x0000000083100000, 0x0000000083200000, 0x0000000083200000|100%| O|  |TAMS 0x0000000083200000, 0x0000000083200000| Untracked 
|  50|0x0000000083200000, 0x0000000083300000, 0x0000000083300000|100%| O|  |TAMS 0x0000000083300000, 0x0000000083300000| Untracked 
|  51|0x0000000083300000, 0x0000000083400000, 0x0000000083400000|100%| O|  |TAMS 0x0000000083400000, 0x0000000083400000| Untracked 
|  52|0x0000000083400000, 0x0000000083500000, 0x0000000083500000|100%| O|  |TAMS 0x0000000083500000, 0x0000000083500000| Untracked 
|  53|0x0000000083500000, 0x0000000083600000, 0x0000000083600000|100%| O|  |TAMS 0x0000000083600000, 0x0000000083600000| Untracked 
|  54|0x0000000083600000, 0x0000000083700000, 0x0000000083700000|100%| O|  |TAMS 0x0000000083700000, 0x0000000083700000| Untracked 
|  55|0x0000000083700000, 0x0000000083800000, 0x0000000083800000|100%| O|  |TAMS 0x0000000083800000, 0x0000000083800000| Untracked 
|  56|0x0000000083800000, 0x0000000083900000, 0x0000000083900000|100%| O|  |TAMS 0x0000000083900000, 0x0000000083900000| Untracked 
|  57|0x0000000083900000, 0x0000000083a00000, 0x0000000083a00000|100%| O|  |TAMS 0x0000000083a00000, 0x0000000083a00000| Untracked 
|  58|0x0000000083a00000, 0x0000000083b00000, 0x0000000083b00000|100%| O|  |TAMS 0x0000000083b00000, 0x0000000083b00000| Untracked 
|  59|0x0000000083b00000, 0x0000000083c00000, 0x0000000083c00000|100%| O|  |TAMS 0x0000000083c00000, 0x0000000083c00000| Untracked 
|  60|0x0000000083c00000, 0x0000000083d00000, 0x0000000083d00000|100%| O|  |TAMS 0x0000000083d00000, 0x0000000083d00000| Untracked 
|  61|0x0000000083d00000, 0x0000000083e00000, 0x0000000083e00000|100%| O|  |TAMS 0x0000000083d00000, 0x0000000083e00000| Untracked 
|  62|0x0000000083e00000, 0x0000000083f00000, 0x0000000083f00000|100%| O|  |TAMS 0x0000000083f00000, 0x0000000083f00000| Untracked 
|  63|0x0000000083f00000, 0x0000000084000000, 0x0000000084000000|100%| O|  |TAMS 0x0000000084000000, 0x0000000084000000| Untracked 
|  64|0x0000000084000000, 0x0000000084100000, 0x0000000084100000|100%| O|  |TAMS 0x0000000084100000, 0x0000000084100000| Untracked 
|  65|0x0000000084100000, 0x0000000084200000, 0x0000000084200000|100%| O|  |TAMS 0x0000000084200000, 0x0000000084200000| Untracked 
|  66|0x0000000084200000, 0x0000000084300000, 0x0000000084300000|100%| O|  |TAMS 0x0000000084300000, 0x0000000084300000| Untracked 
|  67|0x0000000084300000, 0x0000000084400000, 0x0000000084400000|100%| O|  |TAMS 0x0000000084400000, 0x0000000084400000| Untracked 
|  68|0x0000000084400000, 0x0000000084500000, 0x0000000084500000|100%| O|  |TAMS 0x0000000084500000, 0x0000000084500000| Untracked 
|  69|0x0000000084500000, 0x0000000084600000, 0x0000000084600000|100%| O|  |TAMS 0x0000000084600000, 0x0000000084600000| Untracked 
|  70|0x0000000084600000, 0x0000000084700000, 0x0000000084700000|100%| O|  |TAMS 0x0000000084700000, 0x0000000084700000| Untracked 
|  71|0x0000000084700000, 0x0000000084800000, 0x0000000084800000|100%| O|  |TAMS 0x0000000084800000, 0x0000000084800000| Untracked 
|  72|0x0000000084800000, 0x0000000084900000, 0x0000000084900000|100%| O|  |TAMS 0x0000000084900000, 0x0000000084900000| Untracked 
|  73|0x0000000084900000, 0x0000000084a00000, 0x0000000084a00000|100%| O|  |TAMS 0x0000000084a00000, 0x0000000084a00000| Untracked 
|  74|0x0000000084a00000, 0x0000000084b00000, 0x0000000084b00000|100%| O|  |TAMS 0x0000000084b00000, 0x0000000084b00000| Untracked 
|  75|0x0000000084b00000, 0x0000000084c00000, 0x0000000084c00000|100%| O|  |TAMS 0x0000000084c00000, 0x0000000084c00000| Untracked 
|  76|0x0000000084c00000, 0x0000000084d00000, 0x0000000084d00000|100%| O|  |TAMS 0x0000000084d00000, 0x0000000084d00000| Untracked 
|  77|0x0000000084d00000, 0x0000000084e00000, 0x0000000084e00000|100%| O|  |TAMS 0x0000000084e00000, 0x0000000084e00000| Untracked 
|  78|0x0000000084e00000, 0x0000000084f00000, 0x0000000084f00000|100%| O|  |TAMS 0x0000000084f00000, 0x0000000084f00000| Untracked 
|  79|0x0000000084f00000, 0x0000000085000000, 0x0000000085000000|100%| O|  |TAMS 0x0000000085000000, 0x0000000085000000| Untracked 
|  80|0x0000000085000000, 0x0000000085100000, 0x0000000085100000|100%| O|  |TAMS 0x0000000085100000, 0x0000000085100000| Untracked 
|  81|0x0000000085100000, 0x0000000085200000, 0x0000000085200000|100%| O|  |TAMS 0x0000000085200000, 0x0000000085200000| Untracked 
|  82|0x0000000085200000, 0x0000000085300000, 0x0000000085300000|100%| O|  |TAMS 0x0000000085300000, 0x0000000085300000| Untracked 
|  83|0x0000000085300000, 0x0000000085400000, 0x0000000085400000|100%| O|  |TAMS 0x0000000085400000, 0x0000000085400000| Untracked 
|  84|0x0000000085400000, 0x0000000085500000, 0x0000000085500000|100%| O|  |TAMS 0x0000000085500000, 0x0000000085500000| Untracked 
|  85|0x0000000085500000, 0x0000000085600000, 0x0000000085600000|100%| O|  |TAMS 0x0000000085600000, 0x0000000085600000| Untracked 
|  86|0x0000000085600000, 0x0000000085700000, 0x0000000085700000|100%| O|  |TAMS 0x0000000085700000, 0x0000000085700000| Untracked 
|  87|0x0000000085700000, 0x0000000085800000, 0x0000000085800000|100%| O|  |TAMS 0x0000000085800000, 0x0000000085800000| Untracked 
|  88|0x0000000085800000, 0x0000000085900000, 0x0000000085900000|100%| O|  |TAMS 0x0000000085800000, 0x0000000085900000| Untracked 
|  89|0x0000000085900000, 0x0000000085a00000, 0x0000000085a00000|100%| O|  |TAMS 0x0000000085a00000, 0x0000000085a00000| Untracked 
|  90|0x0000000085a00000, 0x0000000085b00000, 0x0000000085b00000|100%| O|  |TAMS 0x0000000085b00000, 0x0000000085b00000| Untracked 
|  91|0x0000000085b00000, 0x0000000085c00000, 0x0000000085c00000|100%| O|  |TAMS 0x0000000085c00000, 0x0000000085c00000| Untracked 
|  92|0x0000000085c00000, 0x0000000085d00000, 0x0000000085d00000|100%| O|  |TAMS 0x0000000085d00000, 0x0000000085d00000| Untracked 
|  93|0x0000000085d00000, 0x0000000085e00000, 0x0000000085e00000|100%| O|  |TAMS 0x0000000085e00000, 0x0000000085e00000| Untracked 
|  94|0x0000000085e00000, 0x0000000085f00000, 0x0000000085f00000|100%| O|  |TAMS 0x0000000085f00000, 0x0000000085f00000| Untracked 
|  95|0x0000000085f00000, 0x0000000086000000, 0x0000000086000000|100%| O|  |TAMS 0x0000000086000000, 0x0000000086000000| Untracked 
|  96|0x0000000086000000, 0x0000000086100000, 0x0000000086100000|100%| O|  |TAMS 0x0000000086100000, 0x0000000086100000| Untracked 
|  97|0x0000000086100000, 0x0000000086200000, 0x0000000086200000|100%| O|  |TAMS 0x0000000086200000, 0x0000000086200000| Untracked 
|  98|0x0000000086200000, 0x0000000086300000, 0x0000000086300000|100%| O|  |TAMS 0x0000000086300000, 0x0000000086300000| Untracked 
|  99|0x0000000086300000, 0x0000000086400000, 0x0000000086400000|100%| O|  |TAMS 0x0000000086400000, 0x0000000086400000| Untracked 
| 100|0x0000000086400000, 0x0000000086500000, 0x0000000086500000|100%| O|  |TAMS 0x0000000086500000, 0x0000000086500000| Untracked 
| 101|0x0000000086500000, 0x0000000086600000, 0x0000000086600000|100%| O|  |TAMS 0x0000000086600000, 0x0000000086600000| Untracked 
| 102|0x0000000086600000, 0x0000000086700000, 0x0000000086700000|100%| O|  |TAMS 0x0000000086700000, 0x0000000086700000| Untracked 
| 103|0x0000000086700000, 0x0000000086800000, 0x0000000086800000|100%| O|  |TAMS 0x0000000086800000, 0x0000000086800000| Untracked 
| 104|0x0000000086800000, 0x0000000086900000, 0x0000000086900000|100%| O|  |TAMS 0x0000000086900000, 0x0000000086900000| Untracked 
| 105|0x0000000086900000, 0x0000000086a00000, 0x0000000086a00000|100%| O|  |TAMS 0x0000000086a00000, 0x0000000086a00000| Untracked 
| 106|0x0000000086a00000, 0x0000000086b00000, 0x0000000086b00000|100%| O|  |TAMS 0x0000000086b00000, 0x0000000086b00000| Untracked 
| 107|0x0000000086b00000, 0x0000000086c00000, 0x0000000086c00000|100%| O|  |TAMS 0x0000000086c00000, 0x0000000086c00000| Untracked 
| 108|0x0000000086c00000, 0x0000000086d00000, 0x0000000086d00000|100%| O|  |TAMS 0x0000000086d00000, 0x0000000086d00000| Untracked 
| 109|0x0000000086d00000, 0x0000000086e00000, 0x0000000086e00000|100%| O|  |TAMS 0x0000000086e00000, 0x0000000086e00000| Untracked 
| 110|0x0000000086e00000, 0x0000000086f00000, 0x0000000086f00000|100%| O|  |TAMS 0x0000000086f00000, 0x0000000086f00000| Untracked 
| 111|0x0000000086f00000, 0x0000000087000000, 0x0000000087000000|100%| O|  |TAMS 0x0000000087000000, 0x0000000087000000| Untracked 
| 112|0x0000000087000000, 0x0000000087100000, 0x0000000087100000|100%|HS|  |TAMS 0x0000000087100000, 0x0000000087100000| Complete 
| 113|0x0000000087100000, 0x0000000087200000, 0x0000000087200000|100%|HC|  |TAMS 0x0000000087200000, 0x0000000087200000| Complete 
| 114|0x0000000087200000, 0x0000000087300000, 0x0000000087300000|100%| O|  |TAMS 0x0000000087300000, 0x0000000087300000| Untracked 
| 115|0x0000000087300000, 0x0000000087400000, 0x0000000087400000|100%| O|  |TAMS 0x0000000087400000, 0x0000000087400000| Untracked 
| 116|0x0000000087400000, 0x0000000087500000, 0x0000000087500000|100%| O|  |TAMS 0x0000000087500000, 0x0000000087500000| Untracked 
| 117|0x0000000087500000, 0x0000000087600000, 0x0000000087600000|100%| O|  |TAMS 0x0000000087600000, 0x0000000087600000| Untracked 
| 118|0x0000000087600000, 0x0000000087700000, 0x0000000087700000|100%| O|  |TAMS 0x0000000087700000, 0x0000000087700000| Untracked 
| 119|0x0000000087700000, 0x0000000087800000, 0x0000000087800000|100%| O|  |TAMS 0x0000000087800000, 0x0000000087800000| Untracked 
| 120|0x0000000087800000, 0x0000000087900000, 0x0000000087900000|100%| O|  |TAMS 0x0000000087900000, 0x0000000087900000| Untracked 
| 121|0x0000000087900000, 0x0000000087a00000, 0x0000000087a00000|100%| O|  |TAMS 0x0000000087a00000, 0x0000000087a00000| Untracked 
| 122|0x0000000087a00000, 0x0000000087b00000, 0x0000000087b00000|100%| O|  |TAMS 0x0000000087b00000, 0x0000000087b00000| Untracked 
| 123|0x0000000087b00000, 0x0000000087c00000, 0x0000000087c00000|100%| O|  |TAMS 0x0000000087c00000, 0x0000000087c00000| Untracked 
| 124|0x0000000087c00000, 0x0000000087d00000, 0x0000000087d00000|100%| O|  |TAMS 0x0000000087d00000, 0x0000000087d00000| Untracked 
| 125|0x0000000087d00000, 0x0000000087e00000, 0x0000000087e00000|100%| O|  |TAMS 0x0000000087d00000, 0x0000000087e00000| Untracked 
| 126|0x0000000087e00000, 0x0000000087f00000, 0x0000000087f00000|100%| O|  |TAMS 0x0000000087f00000, 0x0000000087f00000| Untracked 
| 127|0x0000000087f00000, 0x0000000088000000, 0x0000000088000000|100%| O|  |TAMS 0x0000000088000000, 0x0000000088000000| Untracked 
| 128|0x0000000088000000, 0x0000000088100000, 0x0000000088100000|100%| O|  |TAMS 0x0000000088100000, 0x0000000088100000| Untracked 
| 129|0x0000000088100000, 0x0000000088200000, 0x0000000088200000|100%| O|  |TAMS 0x0000000088200000, 0x0000000088200000| Untracked 
| 130|0x0000000088200000, 0x0000000088300000, 0x0000000088300000|100%| O|  |TAMS 0x0000000088300000, 0x0000000088300000| Untracked 
| 131|0x0000000088300000, 0x0000000088400000, 0x0000000088400000|100%| O|  |TAMS 0x0000000088300000, 0x0000000088400000| Untracked 
| 132|0x0000000088400000, 0x0000000088500000, 0x0000000088500000|100%|HS|  |TAMS 0x0000000088400000, 0x0000000088400000| Complete 
| 133|0x0000000088500000, 0x0000000088600000, 0x0000000088600000|100%|HS|  |TAMS 0x0000000088500000, 0x0000000088500000| Complete 
| 134|0x0000000088600000, 0x0000000088700000, 0x0000000088700000|100%| O|  |TAMS 0x0000000088600000, 0x0000000088600000| Untracked 
| 135|0x0000000088700000, 0x0000000088800000, 0x0000000088800000|100%| O|  |TAMS 0x0000000088700000, 0x0000000088700000| Untracked 
| 136|0x0000000088800000, 0x0000000088900000, 0x0000000088900000|100%| O|  |TAMS 0x0000000088900000, 0x0000000088900000| Untracked 
| 137|0x0000000088900000, 0x0000000088a00000, 0x0000000088a00000|100%| O|  |TAMS 0x0000000088a00000, 0x0000000088a00000| Untracked 
| 138|0x0000000088a00000, 0x0000000088b00000, 0x0000000088b00000|100%| O|  |TAMS 0x0000000088b00000, 0x0000000088b00000| Untracked 
| 139|0x0000000088b00000, 0x0000000088c00000, 0x0000000088c00000|100%| O|  |TAMS 0x0000000088c00000, 0x0000000088c00000| Untracked 
| 140|0x0000000088c00000, 0x0000000088d00000, 0x0000000088d00000|100%| O|  |TAMS 0x0000000088d00000, 0x0000000088d00000| Untracked 
| 141|0x0000000088d00000, 0x0000000088e00000, 0x0000000088e00000|100%| O|  |TAMS 0x0000000088e00000, 0x0000000088e00000| Untracked 
| 142|0x0000000088e00000, 0x0000000088f00000, 0x0000000088f00000|100%| O|  |TAMS 0x0000000088f00000, 0x0000000088f00000| Untracked 
| 143|0x0000000088f00000, 0x0000000089000000, 0x0000000089000000|100%| O|  |TAMS 0x0000000089000000, 0x0000000089000000| Untracked 
| 144|0x0000000089000000, 0x0000000089100000, 0x0000000089100000|100%| O|  |TAMS 0x0000000089100000, 0x0000000089100000| Untracked 
| 145|0x0000000089100000, 0x0000000089200000, 0x0000000089200000|100%| O|  |TAMS 0x0000000089200000, 0x0000000089200000| Untracked 
| 146|0x0000000089200000, 0x0000000089300000, 0x0000000089300000|100%| O|  |TAMS 0x0000000089300000, 0x0000000089300000| Untracked 
| 147|0x0000000089300000, 0x0000000089400000, 0x0000000089400000|100%| O|  |TAMS 0x0000000089400000, 0x0000000089400000| Untracked 
| 148|0x0000000089400000, 0x0000000089500000, 0x0000000089500000|100%| O|  |TAMS 0x0000000089500000, 0x0000000089500000| Untracked 
| 149|0x0000000089500000, 0x0000000089600000, 0x0000000089600000|100%| O|  |TAMS 0x0000000089600000, 0x0000000089600000| Untracked 
| 150|0x0000000089600000, 0x0000000089700000, 0x0000000089700000|100%| O|  |TAMS 0x0000000089700000, 0x0000000089700000| Untracked 
| 151|0x0000000089700000, 0x0000000089800000, 0x0000000089800000|100%| O|  |TAMS 0x0000000089800000, 0x0000000089800000| Untracked 
| 152|0x0000000089800000, 0x0000000089900000, 0x0000000089900000|100%| O|  |TAMS 0x0000000089900000, 0x0000000089900000| Untracked 
| 153|0x0000000089900000, 0x0000000089a00000, 0x0000000089a00000|100%| O|  |TAMS 0x0000000089a00000, 0x0000000089a00000| Untracked 
| 154|0x0000000089a00000, 0x0000000089b00000, 0x0000000089b00000|100%| O|  |TAMS 0x0000000089b00000, 0x0000000089b00000| Untracked 
| 155|0x0000000089b00000, 0x0000000089c00000, 0x0000000089c00000|100%| O|  |TAMS 0x0000000089c00000, 0x0000000089c00000| Untracked 
| 156|0x0000000089c00000, 0x0000000089d00000, 0x0000000089d00000|100%| O|  |TAMS 0x0000000089d00000, 0x0000000089d00000| Untracked 
| 157|0x0000000089d00000, 0x0000000089e00000, 0x0000000089e00000|100%| O|  |TAMS 0x0000000089e00000, 0x0000000089e00000| Untracked 
| 158|0x0000000089e00000, 0x0000000089f00000, 0x0000000089f00000|100%| O|  |TAMS 0x0000000089f00000, 0x0000000089f00000| Untracked 
| 159|0x0000000089f00000, 0x000000008a000000, 0x000000008a000000|100%| O|  |TAMS 0x000000008a000000, 0x000000008a000000| Untracked 
| 160|0x000000008a000000, 0x000000008a100000, 0x000000008a100000|100%| O|  |TAMS 0x000000008a100000, 0x000000008a100000| Untracked 
| 161|0x000000008a100000, 0x000000008a200000, 0x000000008a200000|100%| O|  |TAMS 0x000000008a200000, 0x000000008a200000| Untracked 
| 162|0x000000008a200000, 0x000000008a300000, 0x000000008a300000|100%| O|  |TAMS 0x000000008a300000, 0x000000008a300000| Untracked 
| 163|0x000000008a300000, 0x000000008a400000, 0x000000008a400000|100%| O|  |TAMS 0x000000008a400000, 0x000000008a400000| Untracked 
| 164|0x000000008a400000, 0x000000008a500000, 0x000000008a500000|100%| O|  |TAMS 0x000000008a500000, 0x000000008a500000| Untracked 
| 165|0x000000008a500000, 0x000000008a600000, 0x000000008a600000|100%| O|  |TAMS 0x000000008a600000, 0x000000008a600000| Untracked 
| 166|0x000000008a600000, 0x000000008a700000, 0x000000008a700000|100%| O|  |TAMS 0x000000008a700000, 0x000000008a700000| Untracked 
| 167|0x000000008a700000, 0x000000008a800000, 0x000000008a800000|100%| O|  |TAMS 0x000000008a800000, 0x000000008a800000| Untracked 
| 168|0x000000008a800000, 0x000000008a900000, 0x000000008a900000|100%| O|  |TAMS 0x000000008a900000, 0x000000008a900000| Untracked 
| 169|0x000000008a900000, 0x000000008aa00000, 0x000000008aa00000|100%| O|  |TAMS 0x000000008aa00000, 0x000000008aa00000| Untracked 
| 170|0x000000008aa00000, 0x000000008ab00000, 0x000000008ab00000|100%| O|  |TAMS 0x000000008aa80000, 0x000000008ab00000| Untracked 
| 171|0x000000008ab00000, 0x000000008ac00000, 0x000000008ac00000|100%| O|  |TAMS 0x000000008ab00000, 0x000000008ac00000| Untracked 
| 172|0x000000008ac00000, 0x000000008ad00000, 0x000000008ad00000|100%| O|  |TAMS 0x000000008ac00000, 0x000000008ad00000| Untracked 
| 173|0x000000008ad00000, 0x000000008ae00000, 0x000000008ae00000|100%| O|  |TAMS 0x000000008ad00000, 0x000000008ae00000| Untracked 
| 174|0x000000008ae00000, 0x000000008af00000, 0x000000008af00000|100%| O|  |TAMS 0x000000008ae00000, 0x000000008af00000| Untracked 
| 175|0x000000008af00000, 0x000000008b000000, 0x000000008b000000|100%| O|  |TAMS 0x000000008af00000, 0x000000008b000000| Untracked 
| 176|0x000000008b000000, 0x000000008b100000, 0x000000008b100000|100%| O|  |TAMS 0x000000008b000000, 0x000000008b100000| Untracked 
| 177|0x000000008b100000, 0x000000008b200000, 0x000000008b200000|100%| O|  |TAMS 0x000000008b100000, 0x000000008b200000| Untracked 
| 178|0x000000008b200000, 0x000000008b300000, 0x000000008b300000|100%| O|  |TAMS 0x000000008b200000, 0x000000008b300000| Untracked 
| 179|0x000000008b300000, 0x000000008b400000, 0x000000008b400000|100%| O|  |TAMS 0x000000008b300000, 0x000000008b400000| Untracked 
| 180|0x000000008b400000, 0x000000008b500000, 0x000000008b500000|100%| O|  |TAMS 0x000000008b400000, 0x000000008b500000| Untracked 
| 181|0x000000008b500000, 0x000000008b600000, 0x000000008b600000|100%| O|  |TAMS 0x000000008b500000, 0x000000008b600000| Untracked 
| 182|0x000000008b600000, 0x000000008b700000, 0x000000008b700000|100%| O|  |TAMS 0x000000008b600000, 0x000000008b700000| Untracked 
| 183|0x000000008b700000, 0x000000008b800000, 0x000000008b800000|100%|HS|  |TAMS 0x000000008b700000, 0x000000008b800000| Complete 
| 184|0x000000008b800000, 0x000000008b900000, 0x000000008b900000|100%| O|  |TAMS 0x000000008b800000, 0x000000008b900000| Untracked 
| 185|0x000000008b900000, 0x000000008ba00000, 0x000000008ba00000|100%| O|  |TAMS 0x000000008b900000, 0x000000008ba00000| Untracked 
| 186|0x000000008ba00000, 0x000000008bb00000, 0x000000008bb00000|100%| O|  |TAMS 0x000000008ba00000, 0x000000008bb00000| Untracked 
| 187|0x000000008bb00000, 0x000000008bc00000, 0x000000008bc00000|100%| O|  |TAMS 0x000000008bb00000, 0x000000008bc00000| Untracked 
| 188|0x000000008bc00000, 0x000000008bd00000, 0x000000008bd00000|100%| O|  |TAMS 0x000000008bc00000, 0x000000008bd00000| Untracked 
| 189|0x000000008bd00000, 0x000000008be00000, 0x000000008be00000|100%| O|  |TAMS 0x000000008bd00000, 0x000000008be00000| Untracked 
| 190|0x000000008be00000, 0x000000008bf00000, 0x000000008bf00000|100%| O|  |TAMS 0x000000008be00000, 0x000000008bf00000| Untracked 
| 191|0x000000008bf00000, 0x000000008c000000, 0x000000008c000000|100%| O|  |TAMS 0x000000008bf00000, 0x000000008c000000| Untracked 
| 192|0x000000008c000000, 0x000000008c100000, 0x000000008c100000|100%| O|  |TAMS 0x000000008c000000, 0x000000008c100000| Untracked 
| 193|0x000000008c100000, 0x000000008c200000, 0x000000008c200000|100%| O|  |TAMS 0x000000008c100000, 0x000000008c200000| Untracked 
| 194|0x000000008c200000, 0x000000008c300000, 0x000000008c300000|100%| O|  |TAMS 0x000000008c200000, 0x000000008c300000| Untracked 
| 195|0x000000008c300000, 0x000000008c400000, 0x000000008c400000|100%| O|  |TAMS 0x000000008c300000, 0x000000008c400000| Untracked 
| 196|0x000000008c400000, 0x000000008c500000, 0x000000008c500000|100%| O|  |TAMS 0x000000008c400000, 0x000000008c500000| Untracked 
| 197|0x000000008c500000, 0x000000008c600000, 0x000000008c600000|100%| O|  |TAMS 0x000000008c500000, 0x000000008c600000| Untracked 
| 198|0x000000008c600000, 0x000000008c700000, 0x000000008c700000|100%| O|  |TAMS 0x000000008c600000, 0x000000008c700000| Untracked 
| 199|0x000000008c700000, 0x000000008c800000, 0x000000008c800000|100%| O|  |TAMS 0x000000008c700000, 0x000000008c800000| Untracked 
| 200|0x000000008c800000, 0x000000008c900000, 0x000000008c900000|100%| O|  |TAMS 0x000000008c800000, 0x000000008c900000| Untracked 
| 201|0x000000008c900000, 0x000000008ca00000, 0x000000008ca00000|100%| O|  |TAMS 0x000000008c900000, 0x000000008ca00000| Untracked 
| 202|0x000000008ca00000, 0x000000008cb00000, 0x000000008cb00000|100%| O|  |TAMS 0x000000008ca00000, 0x000000008cb00000| Untracked 
| 203|0x000000008cb00000, 0x000000008cc00000, 0x000000008cc00000|100%| O|  |TAMS 0x000000008cb00000, 0x000000008cc00000| Untracked 
| 204|0x000000008cc00000, 0x000000008cd00000, 0x000000008cd00000|100%| O|  |TAMS 0x000000008cc00000, 0x000000008cd00000| Untracked 
| 205|0x000000008cd00000, 0x000000008ce00000, 0x000000008ce00000|100%| O|  |TAMS 0x000000008cd00000, 0x000000008ce00000| Untracked 
| 206|0x000000008ce00000, 0x000000008cf00000, 0x000000008cf00000|100%| O|  |TAMS 0x000000008ce00000, 0x000000008cf00000| Untracked 
| 207|0x000000008cf00000, 0x000000008d000000, 0x000000008d000000|100%| O|  |TAMS 0x000000008cf00000, 0x000000008d000000| Untracked 
| 208|0x000000008d000000, 0x000000008d100000, 0x000000008d100000|100%| O|  |TAMS 0x000000008d000000, 0x000000008d100000| Untracked 
| 209|0x000000008d100000, 0x000000008d200000, 0x000000008d200000|100%| O|  |TAMS 0x000000008d100000, 0x000000008d200000| Untracked 
| 210|0x000000008d200000, 0x000000008d300000, 0x000000008d300000|100%| O|  |TAMS 0x000000008d200000, 0x000000008d300000| Untracked 
| 211|0x000000008d300000, 0x000000008d400000, 0x000000008d400000|100%| O|  |TAMS 0x000000008d300000, 0x000000008d400000| Untracked 
| 212|0x000000008d400000, 0x000000008d500000, 0x000000008d500000|100%| O|  |TAMS 0x000000008d400000, 0x000000008d400000| Untracked 
| 213|0x000000008d500000, 0x000000008d600000, 0x000000008d600000|100%| O|  |TAMS 0x000000008d500000, 0x000000008d500000| Untracked 
| 214|0x000000008d600000, 0x000000008d700000, 0x000000008d700000|100%| O|  |TAMS 0x000000008d600000, 0x000000008d600000| Untracked 
| 215|0x000000008d700000, 0x000000008d800000, 0x000000008d800000|100%| O|  |TAMS 0x000000008d700000, 0x000000008d700000| Untracked 
| 216|0x000000008d800000, 0x000000008d900000, 0x000000008d900000|100%| O|  |TAMS 0x000000008d800000, 0x000000008d800000| Untracked 
| 217|0x000000008d900000, 0x000000008da00000, 0x000000008da00000|100%| O|  |TAMS 0x000000008d900000, 0x000000008d900000| Untracked 
| 218|0x000000008da00000, 0x000000008db00000, 0x000000008db00000|100%| O|  |TAMS 0x000000008da00000, 0x000000008da00000| Untracked 
| 219|0x000000008db00000, 0x000000008dc00000, 0x000000008dc00000|100%| O|  |TAMS 0x000000008db00000, 0x000000008db00000| Untracked 
| 220|0x000000008dc00000, 0x000000008dd00000, 0x000000008dd00000|100%| O|  |TAMS 0x000000008dc00000, 0x000000008dc00000| Untracked 
| 221|0x000000008dd00000, 0x000000008de00000, 0x000000008de00000|100%| O|  |TAMS 0x000000008dd00000, 0x000000008dd00000| Untracked 
| 222|0x000000008de00000, 0x000000008df00000, 0x000000008df00000|100%| O|  |TAMS 0x000000008de00000, 0x000000008de00000| Untracked 
| 223|0x000000008df00000, 0x000000008e000000, 0x000000008e000000|100%| O|  |TAMS 0x000000008df00000, 0x000000008df00000| Untracked 
| 224|0x000000008e000000, 0x000000008e100000, 0x000000008e100000|100%| O|  |TAMS 0x000000008e000000, 0x000000008e000000| Untracked 
| 225|0x000000008e100000, 0x000000008e200000, 0x000000008e200000|100%| O|  |TAMS 0x000000008e100000, 0x000000008e100000| Untracked 
| 226|0x000000008e200000, 0x000000008e2c9400, 0x000000008e300000| 78%| O|  |TAMS 0x000000008e200000, 0x000000008e200000| Untracked 
| 227|0x000000008e300000, 0x000000008e300000, 0x000000008e400000|  0%| F|  |TAMS 0x000000008e300000, 0x000000008e300000| Untracked 
| 228|0x000000008e400000, 0x000000008e400000, 0x000000008e500000|  0%| F|  |TAMS 0x000000008e400000, 0x000000008e400000| Untracked 
| 229|0x000000008e500000, 0x000000008e500000, 0x000000008e600000|  0%| F|  |TAMS 0x000000008e500000, 0x000000008e500000| Untracked 
| 230|0x000000008e600000, 0x000000008e600000, 0x000000008e700000|  0%| F|  |TAMS 0x000000008e600000, 0x000000008e600000| Untracked 
| 231|0x000000008e700000, 0x000000008e700000, 0x000000008e800000|  0%| F|  |TAMS 0x000000008e700000, 0x000000008e700000| Untracked 
| 232|0x000000008e800000, 0x000000008e800000, 0x000000008e900000|  0%| F|  |TAMS 0x000000008e800000, 0x000000008e800000| Untracked 
| 233|0x000000008e900000, 0x000000008e900000, 0x000000008ea00000|  0%| F|  |TAMS 0x000000008e900000, 0x000000008e900000| Untracked 
| 234|0x000000008ea00000, 0x000000008ea00000, 0x000000008eb00000|  0%| F|  |TAMS 0x000000008ea00000, 0x000000008ea00000| Untracked 
| 235|0x000000008eb00000, 0x000000008eb00000, 0x000000008ec00000|  0%| F|  |TAMS 0x000000008eb00000, 0x000000008eb00000| Untracked 
| 236|0x000000008ec00000, 0x000000008ec00000, 0x000000008ed00000|  0%| F|  |TAMS 0x000000008ec00000, 0x000000008ec00000| Untracked 
| 237|0x000000008ed00000, 0x000000008ed00000, 0x000000008ee00000|  0%| F|  |TAMS 0x000000008ed00000, 0x000000008ed00000| Untracked 
| 238|0x000000008ee00000, 0x000000008ee00000, 0x000000008ef00000|  0%| F|  |TAMS 0x000000008ee00000, 0x000000008ee00000| Untracked 
| 239|0x000000008ef00000, 0x000000008ef00000, 0x000000008f000000|  0%| F|  |TAMS 0x000000008ef00000, 0x000000008ef00000| Untracked 
| 240|0x000000008f000000, 0x000000008f000000, 0x000000008f100000|  0%| F|  |TAMS 0x000000008f000000, 0x000000008f000000| Untracked 
| 241|0x000000008f100000, 0x000000008f100000, 0x000000008f200000|  0%| F|  |TAMS 0x000000008f100000, 0x000000008f100000| Untracked 
| 242|0x000000008f200000, 0x000000008f200000, 0x000000008f300000|  0%| F|  |TAMS 0x000000008f200000, 0x000000008f200000| Untracked 
| 243|0x000000008f300000, 0x000000008f300000, 0x000000008f400000|  0%| F|  |TAMS 0x000000008f300000, 0x000000008f300000| Untracked 
| 244|0x000000008f400000, 0x000000008f400000, 0x000000008f500000|  0%| F|  |TAMS 0x000000008f400000, 0x000000008f400000| Untracked 
| 245|0x000000008f500000, 0x000000008f500000, 0x000000008f600000|  0%| F|  |TAMS 0x000000008f500000, 0x000000008f500000| Untracked 
| 246|0x000000008f600000, 0x000000008f600000, 0x000000008f700000|  0%| F|  |TAMS 0x000000008f600000, 0x000000008f600000| Untracked 
| 247|0x000000008f700000, 0x000000008f700000, 0x000000008f800000|  0%| F|  |TAMS 0x000000008f700000, 0x000000008f700000| Untracked 
| 248|0x000000008f800000, 0x000000008f800000, 0x000000008f900000|  0%| F|  |TAMS 0x000000008f800000, 0x000000008f800000| Untracked 
| 249|0x000000008f900000, 0x000000008f900000, 0x000000008fa00000|  0%| F|  |TAMS 0x000000008f900000, 0x000000008f900000| Untracked 
| 250|0x000000008fa00000, 0x000000008fa00000, 0x000000008fb00000|  0%| F|  |TAMS 0x000000008fa00000, 0x000000008fa00000| Untracked 
| 251|0x000000008fb00000, 0x000000008fb00000, 0x000000008fc00000|  0%| F|  |TAMS 0x000000008fb00000, 0x000000008fb00000| Untracked 
| 252|0x000000008fc00000, 0x000000008fc00000, 0x000000008fd00000|  0%| F|  |TAMS 0x000000008fc00000, 0x000000008fc00000| Untracked 
| 253|0x000000008fd00000, 0x000000008fd00000, 0x000000008fe00000|  0%| F|  |TAMS 0x000000008fd00000, 0x000000008fd00000| Untracked 
| 254|0x000000008fe00000, 0x000000008fe00000, 0x000000008ff00000|  0%| F|  |TAMS 0x000000008fe00000, 0x000000008fe00000| Untracked 
| 255|0x000000008ff00000, 0x000000008ff00000, 0x0000000090000000|  0%| F|  |TAMS 0x000000008ff00000, 0x000000008ff00000| Untracked 
| 256|0x0000000090000000, 0x0000000090000000, 0x0000000090100000|  0%| F|  |TAMS 0x0000000090000000, 0x0000000090000000| Untracked 
| 257|0x0000000090100000, 0x0000000090100000, 0x0000000090200000|  0%| F|  |TAMS 0x0000000090100000, 0x0000000090100000| Untracked 
| 258|0x0000000090200000, 0x0000000090200000, 0x0000000090300000|  0%| F|  |TAMS 0x0000000090200000, 0x0000000090200000| Untracked 
| 259|0x0000000090300000, 0x0000000090300000, 0x0000000090400000|  0%| F|  |TAMS 0x0000000090300000, 0x0000000090300000| Untracked 
| 260|0x0000000090400000, 0x0000000090400000, 0x0000000090500000|  0%| F|  |TAMS 0x0000000090400000, 0x0000000090400000| Untracked 
| 261|0x0000000090500000, 0x0000000090500000, 0x0000000090600000|  0%| F|  |TAMS 0x0000000090500000, 0x0000000090500000| Untracked 
| 262|0x0000000090600000, 0x0000000090600000, 0x0000000090700000|  0%| F|  |TAMS 0x0000000090600000, 0x0000000090600000| Untracked 
| 263|0x0000000090700000, 0x0000000090700000, 0x0000000090800000|  0%| F|  |TAMS 0x0000000090700000, 0x0000000090700000| Untracked 
| 264|0x0000000090800000, 0x0000000090800000, 0x0000000090900000|  0%| F|  |TAMS 0x0000000090800000, 0x0000000090800000| Untracked 
| 265|0x0000000090900000, 0x0000000090900000, 0x0000000090a00000|  0%| F|  |TAMS 0x0000000090900000, 0x0000000090900000| Untracked 
| 266|0x0000000090a00000, 0x0000000090a00000, 0x0000000090b00000|  0%| F|  |TAMS 0x0000000090a00000, 0x0000000090a00000| Untracked 
| 267|0x0000000090b00000, 0x0000000090b00000, 0x0000000090c00000|  0%| F|  |TAMS 0x0000000090b00000, 0x0000000090b00000| Untracked 
| 268|0x0000000090c00000, 0x0000000090c00000, 0x0000000090d00000|  0%| F|  |TAMS 0x0000000090c00000, 0x0000000090c00000| Untracked 
| 269|0x0000000090d00000, 0x0000000090d00000, 0x0000000090e00000|  0%| F|  |TAMS 0x0000000090d00000, 0x0000000090d00000| Untracked 
| 270|0x0000000090e00000, 0x0000000090e00000, 0x0000000090f00000|  0%| F|  |TAMS 0x0000000090e00000, 0x0000000090e00000| Untracked 
| 271|0x0000000090f00000, 0x0000000090f00000, 0x0000000091000000|  0%| F|  |TAMS 0x0000000090f00000, 0x0000000090f00000| Untracked 
| 272|0x0000000091000000, 0x0000000091000000, 0x0000000091100000|  0%| F|  |TAMS 0x0000000091000000, 0x0000000091000000| Untracked 
| 273|0x0000000091100000, 0x0000000091100000, 0x0000000091200000|  0%| F|  |TAMS 0x0000000091100000, 0x0000000091100000| Untracked 
| 274|0x0000000091200000, 0x0000000091200000, 0x0000000091300000|  0%| F|  |TAMS 0x0000000091200000, 0x0000000091200000| Untracked 
| 275|0x0000000091300000, 0x0000000091300000, 0x0000000091400000|  0%| F|  |TAMS 0x0000000091300000, 0x0000000091300000| Untracked 
| 276|0x0000000091400000, 0x0000000091400000, 0x0000000091500000|  0%| F|  |TAMS 0x0000000091400000, 0x0000000091400000| Untracked 
| 277|0x0000000091500000, 0x0000000091500000, 0x0000000091600000|  0%| F|  |TAMS 0x0000000091500000, 0x0000000091500000| Untracked 
| 278|0x0000000091600000, 0x0000000091600000, 0x0000000091700000|  0%| F|  |TAMS 0x0000000091600000, 0x0000000091600000| Untracked 
| 279|0x0000000091700000, 0x0000000091700000, 0x0000000091800000|  0%| F|  |TAMS 0x0000000091700000, 0x0000000091700000| Untracked 
| 280|0x0000000091800000, 0x0000000091800000, 0x0000000091900000|  0%| F|  |TAMS 0x0000000091800000, 0x0000000091800000| Untracked 
| 281|0x0000000091900000, 0x0000000091900000, 0x0000000091a00000|  0%| F|  |TAMS 0x0000000091900000, 0x0000000091900000| Untracked 
| 282|0x0000000091a00000, 0x0000000091a00000, 0x0000000091b00000|  0%| F|  |TAMS 0x0000000091a00000, 0x0000000091a00000| Untracked 
| 283|0x0000000091b00000, 0x0000000091b00000, 0x0000000091c00000|  0%| F|  |TAMS 0x0000000091b00000, 0x0000000091b00000| Untracked 
| 284|0x0000000091c00000, 0x0000000091c00000, 0x0000000091d00000|  0%| F|  |TAMS 0x0000000091c00000, 0x0000000091c00000| Untracked 
| 285|0x0000000091d00000, 0x0000000091e00000, 0x0000000091e00000|100%| S|CS|TAMS 0x0000000091d00000, 0x0000000091d00000| Complete 
| 286|0x0000000091e00000, 0x0000000091f00000, 0x0000000091f00000|100%| S|CS|TAMS 0x0000000091e00000, 0x0000000091e00000| Complete 
| 287|0x0000000091f00000, 0x0000000092000000, 0x0000000092000000|100%| S|CS|TAMS 0x0000000091f00000, 0x0000000091f00000| Complete 
| 288|0x0000000092000000, 0x0000000092100000, 0x0000000092100000|100%| S|CS|TAMS 0x0000000092000000, 0x0000000092000000| Complete 
| 289|0x0000000092100000, 0x0000000092200000, 0x0000000092200000|100%| S|CS|TAMS 0x0000000092100000, 0x0000000092100000| Complete 
| 290|0x0000000092200000, 0x0000000092300000, 0x0000000092300000|100%| S|CS|TAMS 0x0000000092200000, 0x0000000092200000| Complete 
| 291|0x0000000092300000, 0x0000000092400000, 0x0000000092400000|100%| S|CS|TAMS 0x0000000092300000, 0x0000000092300000| Complete 
| 292|0x0000000092400000, 0x0000000092500000, 0x0000000092500000|100%| S|CS|TAMS 0x0000000092400000, 0x0000000092400000| Complete 
| 293|0x0000000092500000, 0x0000000092600000, 0x0000000092600000|100%| S|CS|TAMS 0x0000000092500000, 0x0000000092500000| Complete 
| 294|0x0000000092600000, 0x0000000092700000, 0x0000000092700000|100%| S|CS|TAMS 0x0000000092600000, 0x0000000092600000| Complete 
| 295|0x0000000092700000, 0x0000000092700000, 0x0000000092800000|  0%| F|  |TAMS 0x0000000092700000, 0x0000000092700000| Untracked 
| 296|0x0000000092800000, 0x0000000092800000, 0x0000000092900000|  0%| F|  |TAMS 0x0000000092800000, 0x0000000092800000| Untracked 
| 297|0x0000000092900000, 0x0000000092900000, 0x0000000092a00000|  0%| F|  |TAMS 0x0000000092900000, 0x0000000092900000| Untracked 
| 298|0x0000000092a00000, 0x0000000092a00000, 0x0000000092b00000|  0%| F|  |TAMS 0x0000000092a00000, 0x0000000092a00000| Untracked 
| 299|0x0000000092b00000, 0x0000000092b00000, 0x0000000092c00000|  0%| F|  |TAMS 0x0000000092b00000, 0x0000000092b00000| Untracked 
| 300|0x0000000092c00000, 0x0000000092c00000, 0x0000000092d00000|  0%| F|  |TAMS 0x0000000092c00000, 0x0000000092c00000| Untracked 
| 301|0x0000000092d00000, 0x0000000092d00000, 0x0000000092e00000|  0%| F|  |TAMS 0x0000000092d00000, 0x0000000092d00000| Untracked 
| 302|0x0000000092e00000, 0x0000000092e00000, 0x0000000092f00000|  0%| F|  |TAMS 0x0000000092e00000, 0x0000000092e00000| Untracked 
| 303|0x0000000092f00000, 0x0000000092f00000, 0x0000000093000000|  0%| F|  |TAMS 0x0000000092f00000, 0x0000000092f00000| Untracked 
| 304|0x0000000093000000, 0x0000000093000000, 0x0000000093100000|  0%| F|  |TAMS 0x0000000093000000, 0x0000000093000000| Untracked 
| 305|0x0000000093100000, 0x0000000093100000, 0x0000000093200000|  0%| F|  |TAMS 0x0000000093100000, 0x0000000093100000| Untracked 
| 306|0x0000000093200000, 0x0000000093200000, 0x0000000093300000|  0%| F|  |TAMS 0x0000000093200000, 0x0000000093200000| Untracked 
| 307|0x0000000093300000, 0x0000000093300000, 0x0000000093400000|  0%| F|  |TAMS 0x0000000093300000, 0x0000000093300000| Untracked 
| 308|0x0000000093400000, 0x0000000093400000, 0x0000000093500000|  0%| F|  |TAMS 0x0000000093400000, 0x0000000093400000| Untracked 
| 309|0x0000000093500000, 0x0000000093500000, 0x0000000093600000|  0%| F|  |TAMS 0x0000000093500000, 0x0000000093500000| Untracked 
| 310|0x0000000093600000, 0x0000000093600000, 0x0000000093700000|  0%| F|  |TAMS 0x0000000093600000, 0x0000000093600000| Untracked 
| 311|0x0000000093700000, 0x0000000093700000, 0x0000000093800000|  0%| F|  |TAMS 0x0000000093700000, 0x0000000093700000| Untracked 
| 312|0x0000000093800000, 0x0000000093800000, 0x0000000093900000|  0%| F|  |TAMS 0x0000000093800000, 0x0000000093800000| Untracked 
| 313|0x0000000093900000, 0x0000000093900000, 0x0000000093a00000|  0%| F|  |TAMS 0x0000000093900000, 0x0000000093900000| Untracked 
| 314|0x0000000093a00000, 0x0000000093a00000, 0x0000000093b00000|  0%| F|  |TAMS 0x0000000093a00000, 0x0000000093a00000| Untracked 
| 315|0x0000000093b00000, 0x0000000093b00000, 0x0000000093c00000|  0%| F|  |TAMS 0x0000000093b00000, 0x0000000093b00000| Untracked 
| 316|0x0000000093c00000, 0x0000000093c00000, 0x0000000093d00000|  0%| F|  |TAMS 0x0000000093c00000, 0x0000000093c00000| Untracked 
| 317|0x0000000093d00000, 0x0000000093d00000, 0x0000000093e00000|  0%| F|  |TAMS 0x0000000093d00000, 0x0000000093d00000| Untracked 
| 318|0x0000000093e00000, 0x0000000093e00000, 0x0000000093f00000|  0%| F|  |TAMS 0x0000000093e00000, 0x0000000093e00000| Untracked 
| 319|0x0000000093f00000, 0x0000000093f00000, 0x0000000094000000|  0%| F|  |TAMS 0x0000000093f00000, 0x0000000093f00000| Untracked 
| 320|0x0000000094000000, 0x0000000094000000, 0x0000000094100000|  0%| F|  |TAMS 0x0000000094000000, 0x0000000094000000| Untracked 
| 321|0x0000000094100000, 0x0000000094100000, 0x0000000094200000|  0%| F|  |TAMS 0x0000000094100000, 0x0000000094100000| Untracked 
| 322|0x0000000094200000, 0x0000000094200000, 0x0000000094300000|  0%| F|  |TAMS 0x0000000094200000, 0x0000000094200000| Untracked 
| 323|0x0000000094300000, 0x0000000094300000, 0x0000000094400000|  0%| F|  |TAMS 0x0000000094300000, 0x0000000094300000| Untracked 
| 324|0x0000000094400000, 0x0000000094400000, 0x0000000094500000|  0%| F|  |TAMS 0x0000000094400000, 0x0000000094400000| Untracked 
| 325|0x0000000094500000, 0x0000000094500000, 0x0000000094600000|  0%| F|  |TAMS 0x0000000094500000, 0x0000000094500000| Untracked 
| 326|0x0000000094600000, 0x0000000094600000, 0x0000000094700000|  0%| F|  |TAMS 0x0000000094600000, 0x0000000094600000| Untracked 
| 327|0x0000000094700000, 0x0000000094700000, 0x0000000094800000|  0%| F|  |TAMS 0x0000000094700000, 0x0000000094700000| Untracked 
| 328|0x0000000094800000, 0x0000000094800000, 0x0000000094900000|  0%| F|  |TAMS 0x0000000094800000, 0x0000000094800000| Untracked 
| 329|0x0000000094900000, 0x0000000094900000, 0x0000000094a00000|  0%| F|  |TAMS 0x0000000094900000, 0x0000000094900000| Untracked 
| 330|0x0000000094a00000, 0x0000000094a00000, 0x0000000094b00000|  0%| F|  |TAMS 0x0000000094a00000, 0x0000000094a00000| Untracked 
| 331|0x0000000094b00000, 0x0000000094b00000, 0x0000000094c00000|  0%| F|  |TAMS 0x0000000094b00000, 0x0000000094b00000| Untracked 
| 332|0x0000000094c00000, 0x0000000094c00000, 0x0000000094d00000|  0%| F|  |TAMS 0x0000000094c00000, 0x0000000094c00000| Untracked 
| 333|0x0000000094d00000, 0x0000000094d00000, 0x0000000094e00000|  0%| F|  |TAMS 0x0000000094d00000, 0x0000000094d00000| Untracked 
| 334|0x0000000094e00000, 0x0000000094e00000, 0x0000000094f00000|  0%| F|  |TAMS 0x0000000094e00000, 0x0000000094e00000| Untracked 
| 335|0x0000000094f00000, 0x0000000094f00000, 0x0000000095000000|  0%| F|  |TAMS 0x0000000094f00000, 0x0000000094f00000| Untracked 
| 336|0x0000000095000000, 0x0000000095000000, 0x0000000095100000|  0%| F|  |TAMS 0x0000000095000000, 0x0000000095000000| Untracked 
| 337|0x0000000095100000, 0x0000000095100000, 0x0000000095200000|  0%| F|  |TAMS 0x0000000095100000, 0x0000000095100000| Untracked 
| 338|0x0000000095200000, 0x0000000095200000, 0x0000000095300000|  0%| F|  |TAMS 0x0000000095200000, 0x0000000095200000| Untracked 
| 339|0x0000000095300000, 0x0000000095300000, 0x0000000095400000|  0%| F|  |TAMS 0x0000000095300000, 0x0000000095300000| Untracked 
| 340|0x0000000095400000, 0x0000000095400000, 0x0000000095500000|  0%| F|  |TAMS 0x0000000095400000, 0x0000000095400000| Untracked 
| 341|0x0000000095500000, 0x0000000095500000, 0x0000000095600000|  0%| F|  |TAMS 0x0000000095500000, 0x0000000095500000| Untracked 
| 342|0x0000000095600000, 0x0000000095600000, 0x0000000095700000|  0%| F|  |TAMS 0x0000000095600000, 0x0000000095600000| Untracked 
| 343|0x0000000095700000, 0x0000000095700000, 0x0000000095800000|  0%| F|  |TAMS 0x0000000095700000, 0x0000000095700000| Untracked 
| 344|0x0000000095800000, 0x0000000095800000, 0x0000000095900000|  0%| F|  |TAMS 0x0000000095800000, 0x0000000095800000| Untracked 
| 345|0x0000000095900000, 0x0000000095900000, 0x0000000095a00000|  0%| F|  |TAMS 0x0000000095900000, 0x0000000095900000| Untracked 
| 346|0x0000000095a00000, 0x0000000095a00000, 0x0000000095b00000|  0%| F|  |TAMS 0x0000000095a00000, 0x0000000095a00000| Untracked 
| 347|0x0000000095b00000, 0x0000000095b00000, 0x0000000095c00000|  0%| F|  |TAMS 0x0000000095b00000, 0x0000000095b00000| Untracked 
| 348|0x0000000095c00000, 0x0000000095c00000, 0x0000000095d00000|  0%| F|  |TAMS 0x0000000095c00000, 0x0000000095c00000| Untracked 
| 349|0x0000000095d00000, 0x0000000095d00000, 0x0000000095e00000|  0%| F|  |TAMS 0x0000000095d00000, 0x0000000095d00000| Untracked 
| 350|0x0000000095e00000, 0x0000000095e00000, 0x0000000095f00000|  0%| F|  |TAMS 0x0000000095e00000, 0x0000000095e00000| Untracked 
| 351|0x0000000095f00000, 0x0000000095f00000, 0x0000000096000000|  0%| F|  |TAMS 0x0000000095f00000, 0x0000000095f00000| Untracked 
| 352|0x0000000096000000, 0x0000000096000000, 0x0000000096100000|  0%| F|  |TAMS 0x0000000096000000, 0x0000000096000000| Untracked 
| 353|0x0000000096100000, 0x0000000096100000, 0x0000000096200000|  0%| F|  |TAMS 0x0000000096100000, 0x0000000096100000| Untracked 
| 354|0x0000000096200000, 0x0000000096200000, 0x0000000096300000|  0%| F|  |TAMS 0x0000000096200000, 0x0000000096200000| Untracked 
| 355|0x0000000096300000, 0x0000000096300000, 0x0000000096400000|  0%| F|  |TAMS 0x0000000096300000, 0x0000000096300000| Untracked 
| 356|0x0000000096400000, 0x0000000096400000, 0x0000000096500000|  0%| F|  |TAMS 0x0000000096400000, 0x0000000096400000| Untracked 
| 357|0x0000000096500000, 0x0000000096500000, 0x0000000096600000|  0%| F|  |TAMS 0x0000000096500000, 0x0000000096500000| Untracked 
| 358|0x0000000096600000, 0x0000000096600000, 0x0000000096700000|  0%| F|  |TAMS 0x0000000096600000, 0x0000000096600000| Untracked 
| 359|0x0000000096700000, 0x0000000096700000, 0x0000000096800000|  0%| F|  |TAMS 0x0000000096700000, 0x0000000096700000| Untracked 
| 360|0x0000000096800000, 0x0000000096800000, 0x0000000096900000|  0%| F|  |TAMS 0x0000000096800000, 0x0000000096800000| Untracked 
| 361|0x0000000096900000, 0x0000000096900000, 0x0000000096a00000|  0%| F|  |TAMS 0x0000000096900000, 0x0000000096900000| Untracked 
| 362|0x0000000096a00000, 0x0000000096a00000, 0x0000000096b00000|  0%| F|  |TAMS 0x0000000096a00000, 0x0000000096a00000| Untracked 
| 363|0x0000000096b00000, 0x0000000096b00000, 0x0000000096c00000|  0%| F|  |TAMS 0x0000000096b00000, 0x0000000096b00000| Untracked 
| 364|0x0000000096c00000, 0x0000000096c00000, 0x0000000096d00000|  0%| F|  |TAMS 0x0000000096c00000, 0x0000000096c00000| Untracked 
| 365|0x0000000096d00000, 0x0000000096d00000, 0x0000000096e00000|  0%| F|  |TAMS 0x0000000096d00000, 0x0000000096d00000| Untracked 
| 366|0x0000000096e00000, 0x0000000096e00000, 0x0000000096f00000|  0%| F|  |TAMS 0x0000000096e00000, 0x0000000096e00000| Untracked 
| 367|0x0000000096f00000, 0x0000000096f00000, 0x0000000097000000|  0%| F|  |TAMS 0x0000000096f00000, 0x0000000096f00000| Untracked 
| 368|0x0000000097000000, 0x0000000097000000, 0x0000000097100000|  0%| F|  |TAMS 0x0000000097000000, 0x0000000097000000| Untracked 
| 369|0x0000000097100000, 0x0000000097100000, 0x0000000097200000|  0%| F|  |TAMS 0x0000000097100000, 0x0000000097100000| Untracked 
| 370|0x0000000097200000, 0x0000000097200000, 0x0000000097300000|  0%| F|  |TAMS 0x0000000097200000, 0x0000000097200000| Untracked 

Card table byte_map: [0x0000023df6b60000,0x0000023df6f60000] _byte_map_base: 0x0000023df6760000

Marking Bits (Prev, Next): (CMBitMap*) 0x0000023de1eaa6b0, (CMBitMap*) 0x0000023de1eaa678
 Prev Bits: [0x0000023df9360000, 0x0000023dfb360000)
 Next Bits: [0x0000023df7360000, 0x0000023df9360000)

Polling page: 0x0000023de7110000

Metaspace:

Usage:
  Non-class:     96.88 MB capacity,    94.90 MB ( 98%) used,     1.65 MB (  2%) free+waste,   345.38 KB ( <1%) overhead. 
      Class:     14.40 MB capacity,    13.33 MB ( 93%) used,   946.00 KB (  6%) free+waste,   151.81 KB (  1%) overhead. 
       Both:    111.29 MB capacity,   108.23 MB ( 97%) used,     2.57 MB (  2%) free+waste,   497.19 KB ( <1%) overhead. 

Virtual space:
  Non-class space:       98.00 MB reserved,      97.08 MB (>99%) committed 
      Class space:        1.00 GB reserved,      14.50 MB (  1%) committed 
             Both:        1.10 GB reserved,     111.58 MB ( 10%) committed 

Chunk freelists:
   Non-Class:  6.00 KB
       Class:  3.00 KB
        Both:  9.00 KB

MaxMetaspaceSize: 17179869184.00 GB
CompressedClassSpaceSize: 1.00 GB

CodeHeap 'non-profiled nmethods': size=120064Kb used=13324Kb max_used=13797Kb free=106739Kb
 bounds [0x0000023deebf0000, 0x0000023def970000, 0x0000023df6130000]
CodeHeap 'profiled nmethods': size=120000Kb used=42828Kb max_used=45386Kb free=77171Kb
 bounds [0x0000023de76c0000, 0x0000023dea320000, 0x0000023deebf0000]
CodeHeap 'non-nmethods': size=5696Kb used=2325Kb max_used=2408Kb free=3370Kb
 bounds [0x0000023de7130000, 0x0000023de73a0000, 0x0000023de76c0000]
 total_blobs=19840 nmethods=18906 adapters=844
 compilation: enabled
              stopped_count=0, restarted_count=0
 full_count=0

Compilation events (20 events):
Event: 1370.136 Thread 0x0000023dfd9cc800 20998       2       com.android.tools.r8.graph.e0::a (129 bytes)
Event: 1370.136 Thread 0x0000023dfd9cc800 nmethod 20998 0x0000023dea31a990 code [0x0000023dea31ab60, 0x0000023dea31adb8]
Event: 1370.136 Thread 0x0000023dfd9cc800 20999 %     3       com.android.tools.r8.graph.e0::a @ 4 (89 bytes)
Event: 1370.138 Thread 0x0000023dfd9cc800 nmethod 20999% 0x0000023dea31af90 code [0x0000023dea31b260, 0x0000023dea31c3a8]
Event: 1370.138 Thread 0x0000023dfd9cc800 21000       3       com.android.tools.r8.graph.e0::a (89 bytes)
Event: 1370.139 Thread 0x0000023dfd9cc800 nmethod 21000 0x0000023dea31ca10 code [0x0000023dea31cce0, 0x0000023dea31dd68]
Event: 1370.248 Thread 0x0000023dff1f1800 nmethod 20931 0x0000023def94cd90 code [0x0000023def94d780, 0x0000023def958578]
Event: 1370.248 Thread 0x0000023dff1f1800 21001       4       com.android.tools.r8.graph.e0::a (89 bytes)
Event: 1370.281 Thread 0x0000023dff1f1800 nmethod 21001 0x0000023def95fc10 code [0x0000023def95fdc0, 0x0000023def960a18]
Event: 1370.281 Thread 0x0000023dff1f1800 20994       4       com.android.tools.r8.graph.u0$c::<init> (66 bytes)
Event: 1370.307 Thread 0x0000023dfd9cb000 nmethod 20990 0x0000023def960d10 code [0x0000023def961040, 0x0000023def964880]
Event: 1370.307 Thread 0x0000023dfd9cb000 20992       4       com.android.tools.r8.graph.u::a (173 bytes)
Event: 1370.365 Thread 0x0000023dfd9cc800 21007       2       com.android.tools.r8.graph.h0$m::a (27 bytes)
Event: 1370.365 Thread 0x0000023dfd9cc800 nmethod 21007 0x0000023dea31e390 code [0x0000023dea31e540, 0x0000023dea31e6b8]
Event: 1370.432 Thread 0x0000023dfd9cb000 nmethod 20992 0x0000023def966390 code [0x0000023def966660, 0x0000023def9690a0]
Event: 1370.433 Thread 0x0000023dfd9cb000 20997       4       com.android.tools.r8.graph.C::u (44 bytes)
Event: 1370.439 Thread 0x0000023dfd9cb000 nmethod 20997 0x0000023deec3bc90 code [0x0000023deec3be40, 0x0000023deec3c118]
Event: 1370.439 Thread 0x0000023dfd9cb000 20974       4       com.android.tools.r8.graph.u0$d::c (801 bytes)
Event: 1370.465 Thread 0x0000023dff1f1800 nmethod 20994 0x0000023deedbdb10 code [0x0000023deedbde20, 0x0000023deedc1460]
Event: 1370.465 Thread 0x0000023dff1f1800 20973       4       com.android.tools.r8.graph.u0$d::<init> (189 bytes)

GC Heap History (20 events):
Event: 1368.606 GC heap after
{Heap after GC invocations=74 (full 0):
 garbage-first heap   total 227328K, used 124462K [0x0000000080000000, 0x0000000100000000)
  region size 1024K, 2 young (2048K), 2 survivors (2048K)
 Metaspace       used 110792K, capacity 113948K, committed 114256K, reserved 1148928K
  class space    used 13648K, capacity 14746K, committed 14848K, reserved 1048576K
}
Event: 1368.713 GC heap before
{Heap before GC invocations=74 (full 0):
 garbage-first heap   total 227328K, used 182830K [0x0000000080000000, 0x0000000100000000)
  region size 1024K, 59 young (60416K), 2 survivors (2048K)
 Metaspace       used 110792K, capacity 113948K, committed 114256K, reserved 1148928K
  class space    used 13648K, capacity 14746K, committed 14848K, reserved 1048576K
}
Event: 1368.721 GC heap after
{Heap after GC invocations=75 (full 0):
 garbage-first heap   total 273408K, used 135539K [0x0000000080000000, 0x0000000100000000)
  region size 1024K, 8 young (8192K), 8 survivors (8192K)
 Metaspace       used 110792K, capacity 113948K, committed 114256K, reserved 1148928K
  class space    used 13648K, capacity 14746K, committed 14848K, reserved 1048576K
}
Event: 1368.904 GC heap before
{Heap before GC invocations=75 (full 0):
 garbage-first heap   total 273408K, used 213363K [0x0000000080000000, 0x0000000100000000)
  region size 1024K, 84 young (86016K), 8 survivors (8192K)
 Metaspace       used 110792K, capacity 113948K, committed 114256K, reserved 1148928K
  class space    used 13648K, capacity 14746K, committed 14848K, reserved 1048576K
}
Event: 1368.913 GC heap after
{Heap after GC invocations=76 (full 0):
 garbage-first heap   total 273408K, used 150528K [0x0000000080000000, 0x0000000100000000)
  region size 1024K, 11 young (11264K), 11 survivors (11264K)
 Metaspace       used 110792K, capacity 113948K, committed 114256K, reserved 1148928K
  class space    used 13648K, capacity 14746K, committed 14848K, reserved 1048576K
}
Event: 1369.155 GC heap before
{Heap before GC invocations=77 (full 0):
 garbage-first heap   total 273408K, used 217088K [0x0000000080000000, 0x0000000100000000)
  region size 1024K, 77 young (78848K), 11 survivors (11264K)
 Metaspace       used 110809K, capacity 113953K, committed 114256K, reserved 1148928K
  class space    used 13649K, capacity 14747K, committed 14848K, reserved 1048576K
}
Event: 1369.176 GC heap after
{Heap after GC invocations=78 (full 0):
 garbage-first heap   total 273408K, used 168418K [0x0000000080000000, 0x0000000100000000)
  region size 1024K, 10 young (10240K), 10 survivors (10240K)
 Metaspace       used 110809K, capacity 113953K, committed 114256K, reserved 1148928K
  class space    used 13649K, capacity 14747K, committed 14848K, reserved 1048576K
}
Event: 1369.180 GC heap before
{Heap before GC invocations=78 (full 0):
 garbage-first heap   total 273408K, used 171490K [0x0000000080000000, 0x0000000100000000)
  region size 1024K, 13 young (13312K), 10 survivors (10240K)
 Metaspace       used 110809K, capacity 113953K, committed 114256K, reserved 1148928K
  class space    used 13649K, capacity 14747K, committed 14848K, reserved 1048576K
}
Event: 1369.196 GC heap after
{Heap after GC invocations=79 (full 0):
 garbage-first heap   total 273408K, used 170463K [0x0000000080000000, 0x0000000100000000)
  region size 1024K, 2 young (2048K), 2 survivors (2048K)
 Metaspace       used 110809K, capacity 113953K, committed 114256K, reserved 1148928K
  class space    used 13649K, capacity 14747K, committed 14848K, reserved 1048576K
}
Event: 1369.312 GC heap before
{Heap before GC invocations=79 (full 0):
 garbage-first heap   total 273408K, used 220639K [0x0000000080000000, 0x0000000100000000)
  region size 1024K, 51 young (52224K), 2 survivors (2048K)
 Metaspace       used 110822K, capacity 113953K, committed 114256K, reserved 1148928K
  class space    used 13649K, capacity 14747K, committed 14848K, reserved 1048576K
}
Event: 1369.331 GC heap after
{Heap after GC invocations=80 (full 0):
 garbage-first heap   total 273408K, used 181760K [0x0000000080000000, 0x0000000100000000)
  region size 1024K, 7 young (7168K), 7 survivors (7168K)
 Metaspace       used 110822K, capacity 113953K, committed 114256K, reserved 1148928K
  class space    used 13649K, capacity 14747K, committed 14848K, reserved 1048576K
}
Event: 1369.508 GC heap before
{Heap before GC invocations=80 (full 0):
 garbage-first heap   total 273408K, used 221696K [0x0000000080000000, 0x0000000100000000)
  region size 1024K, 47 young (48128K), 7 survivors (7168K)
 Metaspace       used 110822K, capacity 113953K, committed 114256K, reserved 1148928K
  class space    used 13649K, capacity 14747K, committed 14848K, reserved 1048576K
}
Event: 1369.539 GC heap after
{Heap after GC invocations=81 (full 0):
 garbage-first heap   total 379904K, used 192917K [0x0000000080000000, 0x0000000100000000)
  region size 1024K, 6 young (6144K), 6 survivors (6144K)
 Metaspace       used 110822K, capacity 113953K, committed 114256K, reserved 1148928K
  class space    used 13649K, capacity 14747K, committed 14848K, reserved 1048576K
}
Event: 1369.944 GC heap before
{Heap before GC invocations=82 (full 0):
 garbage-first heap   total 379904K, used 276885K [0x0000000080000000, 0x0000000100000000)
  region size 1024K, 88 young (90112K), 6 survivors (6144K)
 Metaspace       used 110827K, capacity 113959K, committed 114256K, reserved 1148928K
  class space    used 13650K, capacity 14749K, committed 14848K, reserved 1048576K
}
Event: 1370.019 GC heap after
{Heap after GC invocations=83 (full 0):
 garbage-first heap   total 379904K, used 216064K [0x0000000080000000, 0x0000000100000000)
  region size 1024K, 11 young (11264K), 11 survivors (11264K)
 Metaspace       used 110827K, capacity 113959K, committed 114256K, reserved 1148928K
  class space    used 13650K, capacity 14749K, committed 14848K, reserved 1048576K
}
Event: 1370.042 GC heap before
{Heap before GC invocations=83 (full 0):
 garbage-first heap   total 379904K, used 223232K [0x0000000080000000, 0x0000000100000000)
  region size 1024K, 18 young (18432K), 11 survivors (11264K)
 Metaspace       used 110827K, capacity 113959K, committed 114256K, reserved 1148928K
  class space    used 13650K, capacity 14749K, committed 14848K, reserved 1048576K
}
Event: 1370.074 GC heap after
{Heap after GC invocations=84 (full 0):
 garbage-first heap   total 379904K, used 211910K [0x0000000080000000, 0x0000000100000000)
  region size 1024K, 3 young (3072K), 3 survivors (3072K)
 Metaspace       used 110827K, capacity 113959K, committed 114256K, reserved 1148928K
  class space    used 13650K, capacity 14749K, committed 14848K, reserved 1048576K
}
Event: 1370.170 GC heap before
{Heap before GC invocations=84 (full 0):
 garbage-first heap   total 379904K, used 259014K [0x0000000080000000, 0x0000000100000000)
  region size 1024K, 50 young (51200K), 3 survivors (3072K)
 Metaspace       used 110828K, capacity 113959K, committed 114256K, reserved 1148928K
  class space    used 13651K, capacity 14749K, committed 14848K, reserved 1048576K
}
Event: 1370.197 GC heap after
{Heap after GC invocations=85 (full 0):
 garbage-first heap   total 379904K, used 223232K [0x0000000080000000, 0x0000000100000000)
  region size 1024K, 10 young (10240K), 10 survivors (10240K)
 Metaspace       used 110828K, capacity 113959K, committed 114256K, reserved 1148928K
  class space    used 13651K, capacity 14749K, committed 14848K, reserved 1048576K
}
Event: 1370.567 GC heap before
{Heap before GC invocations=85 (full 0):
 garbage-first heap   total 379904K, used 292864K [0x0000000080000000, 0x0000000100000000)
  region size 1024K, 76 young (77824K), 10 survivors (10240K)
 Metaspace       used 110828K, capacity 113959K, committed 114256K, reserved 1148928K
  class space    used 13651K, capacity 14749K, committed 14848K, reserved 1048576K
}

Deoptimization events (20 events):
Event: 1370.346 Thread 0x0000023d80f80800 DEOPT PACKING pc=0x0000023dea2de277 sp=0x000000ea531fe540
Event: 1370.346 Thread 0x0000023d80f80800 DEOPT UNPACKING pc=0x0000023de71576ce sp=0x000000ea531fdae8 mode 0
Event: 1370.358 Thread 0x0000023d80f80800 DEOPT PACKING pc=0x0000023dea2de277 sp=0x000000ea531fe540
Event: 1370.358 Thread 0x0000023d80f80800 DEOPT UNPACKING pc=0x0000023de71576ce sp=0x000000ea531fdae8 mode 0
Event: 1370.361 Thread 0x0000023d80f80800 DEOPT PACKING pc=0x0000023dea2de277 sp=0x000000ea531fe690
Event: 1370.361 Thread 0x0000023d80f80800 DEOPT UNPACKING pc=0x0000023de71576ce sp=0x000000ea531fdc38 mode 0
Event: 1370.364 Thread 0x0000023d80f7a000 DEOPT PACKING pc=0x0000023dea2de277 sp=0x000000ea51efe540
Event: 1370.364 Thread 0x0000023d80f7a000 DEOPT UNPACKING pc=0x0000023de71576ce sp=0x000000ea51efdae8 mode 0
Event: 1370.367 Thread 0x0000023d80f7a000 DEOPT PACKING pc=0x0000023dea2de277 sp=0x000000ea51efe540
Event: 1370.367 Thread 0x0000023d80f7a000 DEOPT UNPACKING pc=0x0000023de71576ce sp=0x000000ea51efdae8 mode 0
Event: 1370.372 Thread 0x0000023d80f7a000 DEOPT PACKING pc=0x0000023dea2de277 sp=0x000000ea51efe540
Event: 1370.372 Thread 0x0000023d80f7a000 DEOPT UNPACKING pc=0x0000023de71576ce sp=0x000000ea51efdae8 mode 0
Event: 1370.379 Thread 0x0000023d80f7a000 DEOPT PACKING pc=0x0000023dea2de277 sp=0x000000ea51efe540
Event: 1370.379 Thread 0x0000023d80f7a000 DEOPT UNPACKING pc=0x0000023de71576ce sp=0x000000ea51efdae8 mode 0
Event: 1370.384 Thread 0x0000023d80f7a000 DEOPT PACKING pc=0x0000023dea2de277 sp=0x000000ea51efe690
Event: 1370.384 Thread 0x0000023d80f7a000 DEOPT UNPACKING pc=0x0000023de71576ce sp=0x000000ea51efdc38 mode 0
Event: 1370.386 Thread 0x0000023d80f7a000 DEOPT PACKING pc=0x0000023dea2de277 sp=0x000000ea51efe540
Event: 1370.386 Thread 0x0000023d80f7a000 DEOPT UNPACKING pc=0x0000023de71576ce sp=0x000000ea51efdae8 mode 0
Event: 1370.398 Thread 0x0000023d80f7a000 DEOPT PACKING pc=0x0000023dea2de277 sp=0x000000ea51efe540
Event: 1370.398 Thread 0x0000023d80f7a000 DEOPT UNPACKING pc=0x0000023de71576ce sp=0x000000ea51efdae8 mode 0

Classes redefined (0 events):
No events

Internal exceptions (20 events):
Event: 1367.916 Thread 0x0000023dff9ea000 Exception <a 'sun/nio/fs/WindowsException'{0x000000008d1c9178}> (0x000000008d1c9178) thrown at [./src/hotspot/share/prims/jni.cpp, line 615]
Event: 1367.918 Thread 0x0000023dff9ea000 Exception <a 'sun/nio/fs/WindowsException'{0x000000008d1d0808}> (0x000000008d1d0808) thrown at [./src/hotspot/share/prims/jni.cpp, line 615]
Event: 1367.920 Thread 0x0000023dff9ea000 Exception <a 'sun/nio/fs/WindowsException'{0x000000008d1d7a98}> (0x000000008d1d7a98) thrown at [./src/hotspot/share/prims/jni.cpp, line 615]
Event: 1367.922 Thread 0x0000023dff9ea000 Exception <a 'sun/nio/fs/WindowsException'{0x000000008d1e01f8}> (0x000000008d1e01f8) thrown at [./src/hotspot/share/prims/jni.cpp, line 615]
Event: 1367.925 Thread 0x0000023dff9ea000 Exception <a 'sun/nio/fs/WindowsException'{0x000000008d1e7728}> (0x000000008d1e7728) thrown at [./src/hotspot/share/prims/jni.cpp, line 615]
Event: 1367.927 Thread 0x0000023dff9ea000 Exception <a 'sun/nio/fs/WindowsException'{0x000000008d1f0180}> (0x000000008d1f0180) thrown at [./src/hotspot/share/prims/jni.cpp, line 615]
Event: 1367.929 Thread 0x0000023dff9ea000 Exception <a 'sun/nio/fs/WindowsException'{0x000000008d1f91a8}> (0x000000008d1f91a8) thrown at [./src/hotspot/share/prims/jni.cpp, line 615]
Event: 1367.931 Thread 0x0000023dff9ea000 Exception <a 'sun/nio/fs/WindowsException'{0x000000008cdc1130}> (0x000000008cdc1130) thrown at [./src/hotspot/share/prims/jni.cpp, line 615]
Event: 1367.933 Thread 0x0000023dff9ea000 Exception <a 'sun/nio/fs/WindowsException'{0x000000008cdc8810}> (0x000000008cdc8810) thrown at [./src/hotspot/share/prims/jni.cpp, line 615]
Event: 1367.934 Thread 0x0000023dff9ea000 Exception <a 'sun/nio/fs/WindowsException'{0x000000008cdd2968}> (0x000000008cdd2968) thrown at [./src/hotspot/share/prims/jni.cpp, line 615]
Event: 1367.936 Thread 0x0000023dff9ea000 Exception <a 'sun/nio/fs/WindowsException'{0x000000008cdd9270}> (0x000000008cdd9270) thrown at [./src/hotspot/share/prims/jni.cpp, line 615]
Event: 1367.938 Thread 0x0000023dff9ea000 Exception <a 'sun/nio/fs/WindowsException'{0x000000008cde0950}> (0x000000008cde0950) thrown at [./src/hotspot/share/prims/jni.cpp, line 615]
Event: 1367.939 Thread 0x0000023dff9ea000 Exception <a 'sun/nio/fs/WindowsException'{0x000000008cdf0cd0}> (0x000000008cdf0cd0) thrown at [./src/hotspot/share/prims/jni.cpp, line 615]
Event: 1367.941 Thread 0x0000023dff9ea000 Exception <a 'sun/nio/fs/WindowsException'{0x000000008cdf83c8}> (0x000000008cdf83c8) thrown at [./src/hotspot/share/prims/jni.cpp, line 615]
Event: 1367.942 Thread 0x0000023dff9ea000 Exception <a 'sun/nio/fs/WindowsException'{0x000000008cdff670}> (0x000000008cdff670) thrown at [./src/hotspot/share/prims/jni.cpp, line 615]
Event: 1367.943 Thread 0x0000023dff9ea000 Exception <a 'sun/nio/fs/WindowsException'{0x000000008cac7440}> (0x000000008cac7440) thrown at [./src/hotspot/share/prims/jni.cpp, line 615]
Event: 1367.945 Thread 0x0000023dff9ea000 Exception <a 'sun/nio/fs/WindowsException'{0x000000008cad50c8}> (0x000000008cad50c8) thrown at [./src/hotspot/share/prims/jni.cpp, line 615]
Event: 1367.946 Thread 0x0000023dff9ea000 Exception <a 'sun/nio/fs/WindowsException'{0x000000008cadbe98}> (0x000000008cadbe98) thrown at [./src/hotspot/share/prims/jni.cpp, line 615]
Event: 1367.947 Thread 0x0000023dff9ea000 Exception <a 'sun/nio/fs/WindowsException'{0x000000008cae3250}> (0x000000008cae3250) thrown at [./src/hotspot/share/prims/jni.cpp, line 615]
Event: 1368.071 Thread 0x0000023dffea2000 Exception <a 'java/lang/NoSuchMethodError'{0x000000008c3dc118}: <clinit>> (0x000000008c3dc118) thrown at [./src/hotspot/share/prims/jni.cpp, line 1362]

Events (20 events):
Event: 1370.454 Thread 0x0000023dfd9ce800 flushing nmethod 0x0000023de8abef90
Event: 1370.455 Thread 0x0000023dfd9ce800 flushing nmethod 0x0000023de8ae1810
Event: 1370.455 Thread 0x0000023dfd9ce800 flushing nmethod 0x0000023de8ae6b90
Event: 1370.455 Thread 0x0000023dfd9ce800 flushing nmethod 0x0000023de8b00c10
Event: 1370.455 Thread 0x0000023dfd9ce800 flushing nmethod 0x0000023de8b0b510
Event: 1370.455 Thread 0x0000023dfd9ce800 flushing nmethod 0x0000023de8b0b990
Event: 1370.455 Thread 0x0000023dfd9ce800 flushing nmethod 0x0000023de8b0c610
Event: 1370.455 Thread 0x0000023dfd9ce800 flushing nmethod 0x0000023de8b0da10
Event: 1370.455 Thread 0x0000023dfd9ce800 flushing nmethod 0x0000023de8b10e10
Event: 1370.455 Thread 0x0000023dfd9ce800 flushing nmethod 0x0000023de8b12910
Event: 1370.455 Thread 0x0000023dfd9ce800 flushing nmethod 0x0000023de8b15390
Event: 1370.455 Thread 0x0000023dfd9ce800 flushing nmethod 0x0000023de8b18690
Event: 1370.455 Thread 0x0000023dfd9ce800 flushing nmethod 0x0000023de8b19110
Event: 1370.455 Thread 0x0000023dfd9ce800 flushing nmethod 0x0000023de8b19690
Event: 1370.455 Thread 0x0000023dfd9ce800 flushing nmethod 0x0000023de8b1a590
Event: 1370.455 Thread 0x0000023dfd9ce800 flushing nmethod 0x0000023de8b1ad90
Event: 1370.455 Thread 0x0000023dfd9ce800 flushing nmethod 0x0000023de8b2fd10
Event: 1370.459 Thread 0x0000023dfd9ce800 flushing nmethod 0x0000023de9025110
Event: 1370.459 Thread 0x0000023dfd9ce800 flushing nmethod 0x0000023de9149390
Event: 1370.565 Executing VM operation: G1CollectForAllocation


Dynamic libraries:
0x00007ff721d20000 - 0x00007ff721d2a000 	C:\Program Files\Android\Android Studio\jre\bin\java.exe
0x00007ffcebb50000 - 0x00007ffcebd47000 	C:\Windows\SYSTEM32\ntdll.dll
0x00007ffceb870000 - 0x00007ffceb92d000 	C:\Windows\System32\KERNEL32.DLL
0x00007ffce9710000 - 0x00007ffce99dd000 	C:\Windows\System32\KERNELBASE.dll
0x00007ffce9310000 - 0x00007ffce9410000 	C:\Windows\System32\ucrtbase.dll
0x00007ffcd15a0000 - 0x00007ffcd15b7000 	C:\Program Files\Android\Android Studio\jre\bin\VCRUNTIME140.dll
0x00007ffccc710000 - 0x00007ffccc729000 	C:\Program Files\Android\Android Studio\jre\bin\jli.dll
0x00007ffceb6d0000 - 0x00007ffceb870000 	C:\Windows\System32\USER32.dll
0x00007ffcd27f0000 - 0x00007ffcd2a8a000 	C:\Windows\WinSxS\amd64_microsoft.windows.common-controls_6595b64144ccf1df_6.0.19041.1110_none_60b5254171f9507e\COMCTL32.dll
0x00007ffce9440000 - 0x00007ffce9462000 	C:\Windows\System32\win32u.dll
0x00007ffceb930000 - 0x00007ffceb9ce000 	C:\Windows\System32\msvcrt.dll
0x00007ffcea490000 - 0x00007ffcea4ba000 	C:\Windows\System32\GDI32.dll
0x00007ffce99e0000 - 0x00007ffce9aeb000 	C:\Windows\System32\gdi32full.dll
0x00007ffce9270000 - 0x00007ffce930d000 	C:\Windows\System32\msvcp_win.dll
0x00007ffcebae0000 - 0x00007ffcebb10000 	C:\Windows\System32\IMM32.DLL
0x00007ffcbe010000 - 0x00007ffcbe0ad000 	C:\Program Files\Android\Android Studio\jre\bin\msvcp140.dll
0x00007ffca1930000 - 0x00007ffca23ff000 	C:\Program Files\Android\Android Studio\jre\bin\server\jvm.dll
0x00007ffceb620000 - 0x00007ffceb6ce000 	C:\Windows\System32\ADVAPI32.dll
0x00007ffcea4c0000 - 0x00007ffcea55c000 	C:\Windows\System32\sechost.dll
0x00007ffceaf70000 - 0x00007ffceb095000 	C:\Windows\System32\RPCRT4.dll
0x00007ffcea560000 - 0x00007ffcea568000 	C:\Windows\System32\PSAPI.DLL
0x00007ffce3a40000 - 0x00007ffce3a49000 	C:\Windows\SYSTEM32\WSOCK32.dll
0x00007ffccdef0000 - 0x00007ffccdf17000 	C:\Windows\SYSTEM32\WINMM.dll
0x00007ffce16f0000 - 0x00007ffce16fa000 	C:\Windows\SYSTEM32\VERSION.dll
0x00007ffcea570000 - 0x00007ffcea5db000 	C:\Windows\System32\WS2_32.dll
0x00007ffce7b00000 - 0x00007ffce7b12000 	C:\Windows\SYSTEM32\kernel.appcore.dll
0x00007ffce3a20000 - 0x00007ffce3a31000 	C:\Program Files\Android\Android Studio\jre\bin\verify.dll
0x00007ffce7070000 - 0x00007ffce7254000 	C:\Windows\SYSTEM32\DBGHELP.DLL
0x00007ffccf110000 - 0x00007ffccf13c000 	C:\Windows\SYSTEM32\dbgcore.DLL
0x00007ffce9470000 - 0x00007ffce94f2000 	C:\Windows\System32\bcryptPrimitives.dll
0x00007ffccc580000 - 0x00007ffccc5a9000 	C:\Program Files\Android\Android Studio\jre\bin\java.dll
0x00007ffce35c0000 - 0x00007ffce35cb000 	C:\Program Files\Android\Android Studio\jre\bin\jimage.dll
0x00007ffce1d70000 - 0x00007ffce1d88000 	C:\Program Files\Android\Android Studio\jre\bin\zip.dll
0x00007ffcea710000 - 0x00007ffceae54000 	C:\Windows\System32\SHELL32.dll
0x00007ffce7350000 - 0x00007ffce7ae4000 	C:\Windows\SYSTEM32\windows.storage.dll
0x00007ffcea130000 - 0x00007ffcea484000 	C:\Windows\System32\combase.dll
0x00007ffce8c00000 - 0x00007ffce8c2c000 	C:\Windows\SYSTEM32\Wldp.dll
0x00007ffceae60000 - 0x00007ffceaf0d000 	C:\Windows\System32\SHCORE.dll
0x00007ffceaf10000 - 0x00007ffceaf65000 	C:\Windows\System32\shlwapi.dll
0x00007ffce91b0000 - 0x00007ffce91cf000 	C:\Windows\SYSTEM32\profapi.dll
0x00007ffccc560000 - 0x00007ffccc57a000 	C:\Program Files\Android\Android Studio\jre\bin\net.dll
0x00007ffcd2090000 - 0x00007ffcd219a000 	C:\Windows\SYSTEM32\WINHTTP.dll
0x00007ffce8960000 - 0x00007ffce89ca000 	C:\Windows\system32\mswsock.dll
0x00007ffccc380000 - 0x00007ffccc394000 	C:\Program Files\Android\Android Studio\jre\bin\nio.dll
0x00007ffcd1690000 - 0x00007ffcd16b6000 	C:\Users\Vishwak\.gradle\native\31\windows-amd64\native-platform.dll
0x00007ffce35b0000 - 0x00007ffce35ba000 	C:\Program Files\Android\Android Studio\jre\bin\management.dll
0x00007ffce2a60000 - 0x00007ffce2a6c000 	C:\Program Files\Android\Android Studio\jre\bin\management_ext.dll
0x00007ffce8b50000 - 0x00007ffce8b68000 	C:\Windows\SYSTEM32\CRYPTSP.dll
0x00007ffce82e0000 - 0x00007ffce8314000 	C:\Windows\system32\rsaenh.dll
0x00007ffce9410000 - 0x00007ffce9437000 	C:\Windows\System32\bcrypt.dll
0x00007ffce9130000 - 0x00007ffce915e000 	C:\Windows\SYSTEM32\USERENV.dll
0x00007ffce8b70000 - 0x00007ffce8b7c000 	C:\Windows\SYSTEM32\CRYPTBASE.dll
0x00007ffce8650000 - 0x00007ffce868b000 	C:\Windows\SYSTEM32\IPHLPAPI.DLL
0x00007ffceb0a0000 - 0x00007ffceb0a8000 	C:\Windows\System32\NSI.dll
0x00007ffcded40000 - 0x00007ffcded57000 	C:\Windows\SYSTEM32\dhcpcsvc6.DLL
0x00007ffce02b0000 - 0x00007ffce02cd000 	C:\Windows\SYSTEM32\dhcpcsvc.DLL
0x00007ffce8690000 - 0x00007ffce875b000 	C:\Windows\SYSTEM32\DNSAPI.dll
0x00007ffcbff70000 - 0x00007ffcbff97000 	C:\Program Files\Android\Android Studio\jre\bin\sunec.dll

dbghelp: loaded successfully - version: 4.0.5 - missing functions: none
symbol engine: initialized successfully - sym options: 0x614 - pdb path: .;C:\Program Files\Android\Android Studio\jre\bin;C:\Windows\SYSTEM32;C:\Windows\WinSxS\amd64_microsoft.windows.common-controls_6595b64144ccf1df_6.0.19041.1110_none_60b5254171f9507e;C:\Program Files\Android\Android Studio\jre\bin\server;C:\Users\Vishwak\.gradle\native\31\windows-amd64

VM Arguments:
jvm_args: --add-opens=java.base/java.util=ALL-UNNAMED --add-opens=java.base/java.lang=ALL-UNNAMED --add-opens=java.base/java.lang.invoke=ALL-UNNAMED --add-opens=java.prefs/java.util.prefs=ALL-UNNAMED -Xmx2048m -Dfile.encoding=windows-1252 -Duser.country=IN -Duser.language=en -Duser.variant 
java_command: org.gradle.launcher.daemon.bootstrap.GradleDaemon 6.1.1
java_class_path (initial): C:\Users\Vishwak\.gradle\wrapper\dists\gradle-6.1.1-all\cfmwm155h49vnt3hynmlrsdst\gradle-6.1.1\lib\gradle-launcher-6.1.1.jar
Launcher Type: SUN_STANDARD

[Global flags]
     intx CICompilerCount                          = 3                                         {product} {ergonomic}
     uint ConcGCThreads                            = 1                                         {product} {ergonomic}
     uint G1ConcRefinementThreads                  = 4                                         {product} {ergonomic}
   size_t G1HeapRegionSize                         = 1048576                                   {product} {ergonomic}
    uintx GCDrainStackTargetSize                   = 64                                        {product} {ergonomic}
   size_t InitialHeapSize                          = 134217728                                 {product} {ergonomic}
   size_t MarkStackSize                            = 4194304                                   {product} {ergonomic}
   size_t MaxHeapSize                              = 2147483648                                {product} {command line}
   size_t MaxNewSize                               = 1287651328                                {product} {ergonomic}
   size_t MinHeapDeltaBytes                        = 1048576                                   {product} {ergonomic}
    uintx NonNMethodCodeHeapSize                   = 5830732                                {pd product} {ergonomic}
    uintx NonProfiledCodeHeapSize                  = 122913754                              {pd product} {ergonomic}
    uintx ProfiledCodeHeapSize                     = 122913754                              {pd product} {ergonomic}
    uintx ReservedCodeCacheSize                    = 251658240                              {pd product} {ergonomic}
     bool SegmentedCodeCache                       = true                                      {product} {ergonomic}
     bool UseCompressedClassPointers               = true                                 {lp64_product} {ergonomic}
     bool UseCompressedOops                        = true                                 {lp64_product} {ergonomic}
     bool UseG1GC                                  = true                                      {product} {ergonomic}
     bool UseLargePagesIndividualAllocation        = false                                  {pd product} {ergonomic}

Logging:
Log output configuration:
 #0: stdout all=warning uptime,level,tags
 #1: stderr all=off uptime,level,tags

Environment Variables:
PATH=C:\Program Files\Common Files\Oracle\Java\javapath;C:\Windows\system32;C:\Windows;C:\Windows\System32\Wbem;C:\Windows\System32\WindowsPowerShell\v1.0\;C:\Windows\System32\OpenSSH\;C:\Users\Vishwak\AppData\Local\Programs\Python\Python310\Scripts\;C:\Users\Vishwak\AppData\Local\Programs\Python\Python310\;C:\Users\Vishwak\new python\Scripts\;C:\Users\Vishwak\new python\;C:\Users\Vishwak\AppData\Local\Microsoft\WindowsApps;;C:\Program Files\JetBrains\PyCharm Community Edition 2021.3\bin;;C:\Users\Vishwak\AppData\Local\Programs\Microsoft VS Code\bin
USERNAME=Vishwak
OS=Windows_NT
PROCESSOR_IDENTIFIER=Intel64 Family 6 Model 142 Stepping 10, GenuineIntel



---------------  S Y S T E M  ---------------

OS: Windows 10 , 64 bit Build 19041 (10.0.19041.1741)
OS uptime: 0 days 2:26 hours

CPU:total 4 (initial active 4) (2 cores per cpu, 2 threads per core) family 6 model 142 stepping 10 microcode 0xe0, cmov, cx8, fxsr, mmx, sse, sse2, sse3, ssse3, sse4.1, sse4.2, popcnt, avx, avx2, aes, clmul, erms, 3dnowpref, lzcnt, ht, tsc, tscinvbit, bmi1, bmi2, adx, fma

Memory: 4k page, system-wide physical 8103M (476M free)
TotalPageFile size 8103M (AvailPageFile size 156M)
current process WorkingSet (physical memory assigned to process): 684M, peak: 687M
current process commit charge ("private bytes"): 723M, peak: 1151M

vm_info: OpenJDK 64-Bit Server VM (11.0.10+0-b96-7249189) for windows-amd64 JRE (11.0.10+0-b96-7249189), built on Mar 31 2021 21:44:00 by "builder" with MS VC++ 14.0 (VS2015)

END.
